#
# A fatal error has been detected by the Java Runtime Environment:
#
#  SIGSEGV (0xb) at pc=0x00007f79509650ad, pid=12759, tid=140158752352000
#
# JRE version: Java(TM) SE Runtime Environment (7.0_67-b01) (build 1.7.0_67-b01)
# Java VM: Java HotSpot(TM) 64-Bit Server VM (24.65-b04 mixed mode linux-amd64 compressed oops)
# Problematic frame:
# C  [libc.so.6+0x3c0ad]  __libc_secure_getenv+0x5d
#
# Failed to write core dump. Core dumps have been disabled. To enable core dumping, try "ulimit -c unlimited" before starting Java again
#
# If you would like to submit a bug report, please visit:
#   http://bugreport.sun.com/bugreport/crash.jsp
# The crash happened outside the Java Virtual Machine in native code.
# See problematic frame for where to report the bug.
#

---------------  T H R E A D  ---------------

Current thread (0x00007f794809c800):  JavaThread "JDWP Transport Listener: dt_socket" daemon [_thread_in_native, id=12773, stack(0x00007f7940956000,0x00007f7940a57000)]

siginfo:si_signo=SIGSEGV: si_errno=0, si_code=128 (), si_addr=0x0000000000000000

Registers:
RAX=0x00007f7948331e3f, RBX=0x0000000000000001, RCX=0x00106ea24e96bd70, RDX=0x000fef290663c800
RSP=0x00007f7940a55a50, RBP=0x00007f7950ce86c8, RSI=0x00000000ffffffff, RDI=0x0000000000000000
R8 =0x0000000000000000, R9 =0x00007f7948331550, R10=0x00007f7940a55770, R11=0x0000000000000000
R12=0x0000000000000001, R13=0x00007f794832f580, R14=0x00007f794f16d120, R15=0x000000000000000a
RIP=0x00007f79509650ad, EFLAGS=0x0000000000010216, CSGSFS=0x0000000000000033, ERR=0x0000000000000000
  TRAPNO=0x000000000000000d

Top of Stack: (sp=0x00007f7940a55a50)
0x00007f7940a55a50:   0000000000000000 0000000000000001
0x00007f7940a55a60:   00007f7940a55aa0 00007f7940a55b10
0x00007f7940a55a70:   0000000000000001 00007f7950965195
0x00007f7940a55a80:   0000000000000006 00007f794ef41d47
0x00007f7940a55a90:   0000000000010b00 00007f7940a55ca0
0x00007f7940a55aa0:   00007f7940a55ad0 00007f794ef3f2fd
0x00007f7940a55ab0:   0000000000000001 000000000000000a
0x00007f7940a55ac0:   0000000000000001 00000000000a0100
0x00007f7940a55ad0:   00007f7940a55d20 00007f794ef44976
0x00007f7940a55ae0:   000023e10000000f 00007f79500a0100
0x00007f7940a55af0:   00007f7920000ba0 00007f794809c800
0x00007f7940a55b00:   00007f7940a55b10 00007f7940a55ca0
0x00007f7940a55b10:   00007f7940a55b60 00007f790000012c
0x00007f7940a55b20:   00007f7940a55b28 0000000000000000
0x00007f7940a55b30:   00007f7940a55b60 0000000000000000
0x00007f7940a55b40:   0000000100000000 000023e10000000b
0x00007f7940a55b50:   00007f7900005b80 00007f7940a55b60
0x00007f7940a55b60:   6e69616d04000000 756f6c4352504e10
0x00007f7940a55b70:   6369767265732f64 726574696c662f65
0x00007f7940a55b80:   4365676e61522f73 0000003b726f6c6f
0x00007f7940a55b90:   0000110000000000 0000a0e32448797f
0x00007f7940a55ba0:   00001d0000000000 0001020032000000
0x00007f7940a55bb0:   000f000000000000 00689a0748797f00
0x00007f7940a55bc0:   008e000000000000 0103003200000000
0x00007f7940a55bd0:   1200000000000000 30940748797f0000
0x00007f7940a55be0:   1e00000000000000 000000002a000000
0x00007f7940a55bf0:   22000000ac000000 ba00000000000000
0x00007f7940a55c00:   000000002c000000 2f000000c7000000
0x00007f7940a55c10:   d700000000000000 0000000030000000
0x00007f7940a55c20:   31000000e0000000 ea00000000000000
0x00007f7940a55c30:   0000000032000000 33000000f6000000
0x00007f7940a55c40:   6552646e41747271 0000006573726576 

Instructions: (pc=0x00007f79509650ad)
0x00007f795096508d:   ed 74 50 49 8b 45 08 48 89 c2 48 c1 e2 05 48 85
0x00007f795096509d:   c0 49 8d 4c 15 f0 74 2a 48 83 e8 01 49 89 45 08
0x00007f79509650ad:   4c 8b 01 49 83 f8 03 0f 84 96 00 00 00 49 83 f8
0x00007f79509650bd:   04 74 70 49 83 f8 02 74 4a 48 83 e9 20 48 85 c0 

Register to memory mapping:

RAX=0x00007f7948331e3f is an unknown value
RBX=0x0000000000000001 is an unknown value
RCX=0x00106ea24e96bd70 is an unknown value
RDX=0x000fef290663c800 is an unknown value
RSP=0x00007f7940a55a50 is pointing into the stack for thread: 0x00007f794809c800
RBP=0x00007f7950ce86c8: <offset 0x3bf6c8> in /lib/x86_64-linux-gnu/libc.so.6 at 0x00007f7950929000
RSI=0x00000000ffffffff is an unallocated location in the heap
RDI=0x0000000000000000 is an unknown value
R8 =0x0000000000000000 is an unknown value
R9 =0x00007f7948331550 is an unknown value
R10=0x00007f7940a55770 is pointing into the stack for thread: 0x00007f794809c800
R11=0x0000000000000000 is an unknown value
R12=0x0000000000000001 is an unknown value
R13=0x00007f794832f580 is an unknown value
R14=0x00007f794f16d120: <offset 0x23a120> in /usr/lib/jvm/java-7-oracle/jre/lib/amd64/libjdwp.so at 0x00007f794ef33000
R15=0x000000000000000a is an unknown value


Stack: [0x00007f7940956000,0x00007f7940a57000],  sp=0x00007f7940a55a50,  free space=1022k
Native frames: (J=compiled Java code, j=interpreted, Vv=VM code, C=native code)
C  [libc.so.6+0x3c0ad]  __libc_secure_getenv+0x5d
C  [libc.so.6+0x3c12a0]  __libc_thread_freeres+0x25a720


---------------  P R O C E S S  ---------------

Java Threads: ( => current thread )
  0x00007f7924001000 JavaThread "SIGTERM handler" daemon [_thread_blocked, id=13292, stack(0x00007f7940754000,0x00007f7940855000)]
  0x00007f7948249000 JavaThread "Java2D Disposer" daemon [_thread_blocked, id=12785, stack(0x00007f79400e6000,0x00007f79401e7000)]
  0x00007f79480a7800 JavaThread "Service Thread" daemon [_thread_blocked, id=12783, stack(0x00007f7940451000,0x00007f7940552000)]
  0x00007f79480a5000 JavaThread "C2 CompilerThread1" daemon [_thread_blocked, id=12782, stack(0x00007f7940552000,0x00007f7940653000)]
  0x00007f79480a2000 JavaThread "C2 CompilerThread0" daemon [_thread_blocked, id=12781, stack(0x00007f7940653000,0x00007f7940754000)]
  0x00007f79480a0000 JavaThread "JDWP Event Helper Thread" daemon [_thread_blocked, id=12775, stack(0x00007f7940855000,0x00007f7940956000)]
=>0x00007f794809c800 JavaThread "JDWP Transport Listener: dt_socket" daemon [_thread_in_native, id=12773, stack(0x00007f7940956000,0x00007f7940a57000)]
  0x00007f7948070000 JavaThread "Finalizer" daemon [_thread_blocked, id=12770, stack(0x00007f7940d5c000,0x00007f7940e5d000)]
  0x00007f794806e000 JavaThread "Reference Handler" daemon [_thread_blocked, id=12769, stack(0x00007f7940e5d000,0x00007f7940f5e000)]
  0x00007f794800e800 JavaThread "main" [_thread_blocked, id=12761, stack(0x00007f795141a000,0x00007f795151b000)]

Other Threads:
  0x00007f794806a000 VMThread [stack: 0x00007f7940f5e000,0x00007f794105f000] [id=12768]

VM state:at safepoint (shutting down)

VM Mutex/Monitor currently owned by a thread:  ([mutex/lock_event])
[0x00007f794800aaa0] Threads_lock - owner thread: 0x00007f794806a000

Heap
 PSYoungGen      total 35840K, used 5276K [0x00000000d7f00000, 0x00000000da700000, 0x0000000100000000)
  eden space 30720K, 17% used [0x00000000d7f00000,0x00000000d8427258,0x00000000d9d00000)
  from space 5120K, 0% used [0x00000000da200000,0x00000000da200000,0x00000000da700000)
  to   space 5120K, 0% used [0x00000000d9d00000,0x00000000d9d00000,0x00000000da200000)
 ParOldGen       total 81920K, used 0K [0x0000000087e00000, 0x000000008ce00000, 0x00000000d7f00000)
  object space 81920K, 0% used [0x0000000087e00000,0x0000000087e00000,0x000000008ce00000)
 PSPermGen       total 21504K, used 4432K [0x0000000082c00000, 0x0000000084100000, 0x0000000087e00000)
  object space 21504K, 20% used [0x0000000082c00000,0x0000000083054260,0x0000000084100000)

Card table byte_map: [0x00007f794d4c2000,0x00007f794d8ad000] byte_map_base: 0x00007f794d0ac000

Polling page: 0x00007f7951547000

Code Cache  [0x00007f7945000000, 0x00007f7945270000, 0x00007f7948000000)
 total_blobs=334 nmethods=11 adapters=285 free_code_cache=48638Kb largest_free_block=49779328

Compilation events (10 events):
Event: 0.199 Thread 0x00007f79480a5000 nmethod 7 0x00007f79450627d0 code [0x00007f7945062920, 0x00007f7945062ac8]
Event: 0.199 Thread 0x00007f79480a5000    8             java.io.UnixFileSystem::normalize (75 bytes)
Event: 0.202 Thread 0x00007f79480a5000 nmethod 8 0x00007f7945060d90 code [0x00007f7945060f00, 0x00007f79450611b8]
Event: 0.202 Thread 0x00007f79480a5000    9             sun.nio.cs.UTF_8$Encoder::encode (361 bytes)
Event: 0.217 Thread 0x00007f79480a5000 nmethod 9 0x00007f79450633d0 code [0x00007f7945063560, 0x00007f7945063c28]
Event: 0.233 Thread 0x00007f79480a2000 nmethod 5% 0x00007f794506a2d0 code [0x00007f794506a6a0, 0x00007f794506be50]
Event: 0.252 Thread 0x00007f79480a5000   10             sun.awt.image.ByteInterleavedRaster::putByteData (834 bytes)
Event: 0.267 Thread 0x00007f79480a2000   11             sun.nio.cs.UTF_8$Decoder::decode (640 bytes)
Event: 0.299 Thread 0x00007f79480a2000 nmethod 11 0x00007f794507c410 code [0x00007f794507c740, 0x00007f794507d8d0]
Event: 0.329 Thread 0x00007f79480a5000 nmethod 10 0x00007f7945082ed0 code [0x00007f7945083120, 0x00007f7945085988]

GC Heap History (0 events):
No events

Deoptimization events (0 events):
No events

Internal exceptions (10 events):
Event: 0.363 Thread 0x00007f794800e800 Threw 0x00000000d823d410 at /HUDSON/workspace/7u-2-build-linux-amd64/jdk7u67/1368/hotspot/src/share/vm/prims/jvm.cpp:1244
Event: 0.365 Thread 0x00007f794800e800 Threw 0x00000000d8244598 at /HUDSON/workspace/7u-2-build-linux-amd64/jdk7u67/1368/hotspot/src/share/vm/prims/jvm.cpp:1244
Event: 0.366 Thread 0x00007f794800e800 Threw 0x00000000d8247ce0 at /HUDSON/workspace/7u-2-build-linux-amd64/jdk7u67/1368/hotspot/src/share/vm/prims/jvm.cpp:1244
Event: 0.367 Thread 0x00007f794800e800 Threw 0x00000000d824c190 at /HUDSON/workspace/7u-2-build-linux-amd64/jdk7u67/1368/hotspot/src/share/vm/prims/jvm.cpp:1244
Event: 0.390 Thread 0x00007f794800e800 Threw 0x00000000d824ef00 at /HUDSON/workspace/7u-2-build-linux-amd64/jdk7u67/1368/hotspot/src/share/vm/prims/jvm.cpp:1244
Event: 0.391 Thread 0x00007f794800e800 Threw 0x00000000d82524e0 at /HUDSON/workspace/7u-2-build-linux-amd64/jdk7u67/1368/hotspot/src/share/vm/prims/jvm.cpp:1244
Event: 0.392 Thread 0x00007f794800e800 Threw 0x00000000d82556e8 at /HUDSON/workspace/7u-2-build-linux-amd64/jdk7u67/1368/hotspot/src/share/vm/prims/jvm.cpp:1244
Event: 0.392 Thread 0x00007f794800e800 Threw 0x00000000d8258cb0 at /HUDSON/workspace/7u-2-build-linux-amd64/jdk7u67/1368/hotspot/src/share/vm/prims/jvm.cpp:1244
Event: 0.393 Thread 0x00007f794800e800 Threw 0x00000000d825c1c0 at /HUDSON/workspace/7u-2-build-linux-amd64/jdk7u67/1368/hotspot/src/share/vm/prims/jvm.cpp:1244
Event: 0.395 Thread 0x00007f794800e800 Threw 0x00000000d8272488 at /HUDSON/workspace/7u-2-build-linux-amd64/jdk7u67/1368/hotspot/src/share/vm/prims/jvm.cpp:1244

Events (10 events):
Event: 319.144 Thread 0x00007f7928001000 Thread exited: 0x00007f7928001000
Event: 319.212 loading class 0x00007f794cbc60a0
Event: 319.272 loading class 0x00007f794cbc60a0 done
Event: 319.341 Thread 0x00007f7924001000 Thread added: 0x00007f7924001000
Event: 319.341 loading class 0x00007f794cb81460
Event: 319.341 loading class 0x00007f794cb81460 done
Event: 319.341 loading class 0x00007f7914151500
Event: 319.357 loading class 0x00007f7914151500 done
Event: 319.367 Thread 0x00007f794808e800 Thread exited: 0x00007f794808e800
Event: 319.367 Executing VM operation: Exit


Dynamic libraries:
00400000-00401000 r-xp 00000000 08:08 317543                             /usr/lib/jvm/java-7-oracle/bin/java
00600000-00601000 rw-p 00000000 08:08 317543                             /usr/lib/jvm/java-7-oracle/bin/java
006ff000-00720000 rw-p 00000000 00:00 0                                  [heap]
82c00000-84100000 rw-p 00000000 00:00 0 
84100000-87e00000 rw-p 00000000 00:00 0 
87e00000-8ce00000 rw-p 00000000 00:00 0 
8ce00000-d7f00000 rw-p 00000000 00:00 0 
d7f00000-da700000 rw-p 00000000 00:00 0 
da700000-100000000 rw-p 00000000 00:00 0 
7f78f3cd7000-7f78f3cd8000 ---p 00000000 00:00 0 
7f78f3cd8000-7f78f44d8000 rw-p 00000000 00:00 0 
7f78f44d8000-7f78f4508000 r-xp 00000000 08:08 259655                     /usr/lib/x86_64-linux-gnu/pkcs11/p11-kit-trust.so
7f78f4508000-7f78f4708000 ---p 00030000 08:08 259655                     /usr/lib/x86_64-linux-gnu/pkcs11/p11-kit-trust.so
7f78f4708000-7f78f470f000 r--p 00030000 08:08 259655                     /usr/lib/x86_64-linux-gnu/pkcs11/p11-kit-trust.so
7f78f470f000-7f78f4710000 rw-p 00037000 08:08 259655                     /usr/lib/x86_64-linux-gnu/pkcs11/p11-kit-trust.so
7f78f4710000-7f78f4714000 r-xp 00000000 08:05 128599                     /lib/x86_64-linux-gnu/libuuid.so.1.3.0
7f78f4714000-7f78f4913000 ---p 00004000 08:05 128599                     /lib/x86_64-linux-gnu/libuuid.so.1.3.0
7f78f4913000-7f78f4914000 r--p 00003000 08:05 128599                     /lib/x86_64-linux-gnu/libuuid.so.1.3.0
7f78f4914000-7f78f4915000 rw-p 00004000 08:05 128599                     /lib/x86_64-linux-gnu/libuuid.so.1.3.0
7f78f4915000-7f78f4919000 r-xp 00000000 08:05 153730                     /lib/x86_64-linux-gnu/libgpg-error.so.0.10.0
7f78f4919000-7f78f4b18000 ---p 00004000 08:05 153730                     /lib/x86_64-linux-gnu/libgpg-error.so.0.10.0
7f78f4b18000-7f78f4b19000 r--p 00003000 08:05 153730                     /lib/x86_64-linux-gnu/libgpg-error.so.0.10.0
7f78f4b19000-7f78f4b1a000 rw-p 00004000 08:05 153730                     /lib/x86_64-linux-gnu/libgpg-error.so.0.10.0
7f78f4b1a000-7f78f4b5e000 r-xp 00000000 08:05 136631                     /lib/x86_64-linux-gnu/libdbus-1.so.3.7.6
7f78f4b5e000-7f78f4d5d000 ---p 00044000 08:05 136631                     /lib/x86_64-linux-gnu/libdbus-1.so.3.7.6
7f78f4d5d000-7f78f4d5e000 r--p 00043000 08:05 136631                     /lib/x86_64-linux-gnu/libdbus-1.so.3.7.6
7f78f4d5e000-7f78f4d5f000 rw-p 00044000 08:05 136631                     /lib/x86_64-linux-gnu/libdbus-1.so.3.7.6
7f78f4d5f000-7f78f4d67000 r-xp 00000000 08:05 145618                     /lib/x86_64-linux-gnu/libnih-dbus.so.1.0.0
7f78f4d67000-7f78f4f67000 ---p 00008000 08:05 145618                     /lib/x86_64-linux-gnu/libnih-dbus.so.1.0.0
7f78f4f67000-7f78f4f68000 r--p 00008000 08:05 145618                     /lib/x86_64-linux-gnu/libnih-dbus.so.1.0.0
7f78f4f68000-7f78f4f69000 rw-p 00009000 08:05 145618                     /lib/x86_64-linux-gnu/libnih-dbus.so.1.0.0
7f78f4f69000-7f78f4f80000 r-xp 00000000 08:05 146528                     /lib/x86_64-linux-gnu/libnih.so.1.0.0
7f78f4f80000-7f78f517f000 ---p 00017000 08:05 146528                     /lib/x86_64-linux-gnu/libnih.so.1.0.0
7f78f517f000-7f78f5180000 r--p 00016000 08:05 146528                     /lib/x86_64-linux-gnu/libnih.so.1.0.0
7f78f5180000-7f78f5181000 rw-p 00017000 08:05 146528                     /lib/x86_64-linux-gnu/libnih.so.1.0.0
7f78f5181000-7f78f519a000 r-xp 00000000 08:05 136962                     /lib/x86_64-linux-gnu/libcgmanager.so.0.0.0
7f78f519a000-7f78f5399000 ---p 00019000 08:05 136962                     /lib/x86_64-linux-gnu/libcgmanager.so.0.0.0
7f78f5399000-7f78f539b000 r--p 00018000 08:05 136962                     /lib/x86_64-linux-gnu/libcgmanager.so.0.0.0
7f78f539b000-7f78f539c000 rw-p 0001a000 08:05 136962                     /lib/x86_64-linux-gnu/libcgmanager.so.0.0.0
7f78f539c000-7f78f53b3000 r-xp 00000000 08:08 268776                     /usr/lib/x86_64-linux-gnu/libICE.so.6.3.0
7f78f53b3000-7f78f55b2000 ---p 00017000 08:08 268776                     /usr/lib/x86_64-linux-gnu/libICE.so.6.3.0
7f78f55b2000-7f78f55b3000 r--p 00016000 08:08 268776                     /usr/lib/x86_64-linux-gnu/libICE.so.6.3.0
7f78f55b3000-7f78f55b4000 rw-p 00017000 08:08 268776                     /usr/lib/x86_64-linux-gnu/libICE.so.6.3.0
7f78f55b4000-7f78f55b8000 rw-p 00000000 00:00 0 
7f78f55b8000-7f78f55bf000 r-xp 00000000 08:08 268913                     /usr/lib/x86_64-linux-gnu/libSM.so.6.0.1
7f78f55bf000-7f78f57be000 ---p 00007000 08:08 268913                     /usr/lib/x86_64-linux-gnu/libSM.so.6.0.1
7f78f57be000-7f78f57bf000 r--p 00006000 08:08 268913                     /usr/lib/x86_64-linux-gnu/libSM.so.6.0.1
7f78f57bf000-7f78f57c0000 rw-p 00007000 08:08 268913                     /usr/lib/x86_64-linux-gnu/libSM.so.6.0.1
7f78f57c0000-7f78f57c6000 r-xp 00000000 08:08 271797                     /usr/lib/x86_64-linux-gnu/libdatrie.so.1.3.1
7f78f57c6000-7f78f59c5000 ---p 00006000 08:08 271797                     /usr/lib/x86_64-linux-gnu/libdatrie.so.1.3.1
7f78f59c5000-7f78f59c6000 r--p 00005000 08:08 271797                     /usr/lib/x86_64-linux-gnu/libdatrie.so.1.3.1
7f78f59c6000-7f78f59c7000 rw-p 00006000 08:08 271797                     /usr/lib/x86_64-linux-gnu/libdatrie.so.1.3.1
7f78f59c7000-7f78f59e1000 r-xp 00000000 08:08 272177                     /usr/lib/x86_64-linux-gnu/libgraphite2.so.3.0.1
7f78f59e1000-7f78f5be0000 ---p 0001a000 08:08 272177                     /usr/lib/x86_64-linux-gnu/libgraphite2.so.3.0.1
7f78f5be0000-7f78f5be2000 r--p 00019000 08:08 272177                     /usr/lib/x86_64-linux-gnu/libgraphite2.so.3.0.1
7f78f5be2000-7f78f5be3000 rw-p 0001b000 08:08 272177                     /usr/lib/x86_64-linux-gnu/libgraphite2.so.3.0.1
7f78f5be3000-7f78f5c1e000 r-xp 00000000 08:08 266591                     /usr/lib/x86_64-linux-gnu/libp11-kit.so.0.0.0
7f78f5c1e000-7f78f5e1d000 ---p 0003b000 08:08 266591                     /usr/lib/x86_64-linux-gnu/libp11-kit.so.0.0.0
7f78f5e1d000-7f78f5e23000 r--p 0003a000 08:08 266591                     /usr/lib/x86_64-linux-gnu/libp11-kit.so.0.0.0
7f78f5e23000-7f78f5e25000 rw-p 00040000 08:08 266591                     /usr/lib/x86_64-linux-gnu/libp11-kit.so.0.0.0
7f78f5e25000-7f78f5e37000 r-xp 00000000 08:08 264370                     /usr/lib/x86_64-linux-gnu/libtasn1.so.6.2.0
7f78f5e37000-7f78f6037000 ---p 00012000 08:08 264370                     /usr/lib/x86_64-linux-gnu/libtasn1.so.6.2.0
7f78f6037000-7f78f6038000 r--p 00012000 08:08 264370                     /usr/lib/x86_64-linux-gnu/libtasn1.so.6.2.0
7f78f6038000-7f78f6039000 rw-p 00013000 08:08 264370                     /usr/lib/x86_64-linux-gnu/libtasn1.so.6.2.0
7f78f6039000-7f78f60b5000 r-xp 00000000 08:05 137786                     /lib/x86_64-linux-gnu/libgcrypt.so.11.8.2
7f78f60b5000-7f78f62b4000 ---p 0007c000 08:05 137786                     /lib/x86_64-linux-gnu/libgcrypt.so.11.8.2
7f78f62b4000-7f78f62b5000 r--p 0007b000 08:05 137786                     /lib/x86_64-linux-gnu/libgcrypt.so.11.8.2
7f78f62b5000-7f78f62b8000 rw-p 0007c000 08:05 137786                     /lib/x86_64-linux-gnu/libgcrypt.so.11.8.2
7f78f62b8000-7f78f6335000 r-xp 00000000 08:08 260335                     /usr/lib/x86_64-linux-gnu/liborc-0.4.so.0.18.0
7f78f6335000-7f78f6534000 ---p 0007d000 08:08 260335                     /usr/lib/x86_64-linux-gnu/liborc-0.4.so.0.18.0
7f78f6534000-7f78f6536000 r--p 0007c000 08:08 260335                     /usr/lib/x86_64-linux-gnu/liborc-0.4.so.0.18.0
7f78f6536000-7f78f653a000 rw-p 0007e000 08:08 260335                     /usr/lib/x86_64-linux-gnu/liborc-0.4.so.0.18.0
7f78f653a000-7f78f6541000 r-xp 00000000 08:08 274415                     /usr/lib/x86_64-linux-gnu/libogg.so.0.8.1
7f78f6541000-7f78f6741000 ---p 00007000 08:08 274415                     /usr/lib/x86_64-linux-gnu/libogg.so.0.8.1
7f78f6741000-7f78f6742000 r--p 00007000 08:08 274415                     /usr/lib/x86_64-linux-gnu/libogg.so.0.8.1
7f78f6742000-7f78f6743000 rw-p 00008000 08:08 274415                     /usr/lib/x86_64-linux-gnu/libogg.so.0.8.1
7f78f6743000-7f78f6767000 r-xp 00000000 08:08 269547                     /usr/lib/x86_64-linux-gnu/libv4lconvert.so.0.0.0
7f78f6767000-7f78f6967000 ---p 00024000 08:08 269547                     /usr/lib/x86_64-linux-gnu/libv4lconvert.so.0.0.0
7f78f6967000-7f78f6969000 r--p 00024000 08:08 269547                     /usr/lib/x86_64-linux-gnu/libv4lconvert.so.0.0.0
7f78f6969000-7f78f696a000 rw-p 00026000 08:08 269547                     /usr/lib/x86_64-linux-gnu/libv4lconvert.so.0.0.0
7f78f696a000-7f78f69bc000 rw-p 00000000 00:00 0 
7f78f69bc000-7f78f69cc000 r-xp 00000000 08:05 133913                     /lib/x86_64-linux-gnu/libudev.so.1.3.5
7f78f69cc000-7f78f6bcb000 ---p 00010000 08:05 133913                     /lib/x86_64-linux-gnu/libudev.so.1.3.5
7f78f6bcb000-7f78f6bcc000 r--p 0000f000 08:05 133913                     /lib/x86_64-linux-gnu/libudev.so.1.3.5
7f78f6bcc000-7f78f6bcd000 rw-p 00010000 08:05 133913                     /lib/x86_64-linux-gnu/libudev.so.1.3.5
7f78f6bcd000-7f78f6c2c000 r-xp 00000000 08:08 268962                     /usr/lib/x86_64-linux-gnu/libXt.so.6.0.0
7f78f6c2c000-7f78f6e2c000 ---p 0005f000 08:08 268962                     /usr/lib/x86_64-linux-gnu/libXt.so.6.0.0
7f78f6e2c000-7f78f6e2d000 r--p 0005f000 08:08 268962                     /usr/lib/x86_64-linux-gnu/libXt.so.6.0.0
7f78f6e2d000-7f78f6e32000 rw-p 00060000 08:08 268962                     /usr/lib/x86_64-linux-gnu/libXt.so.6.0.0
7f78f6e32000-7f78f6e33000 rw-p 00000000 00:00 0 
7f78f6e33000-7f78f6e5a000 r-xp 00000000 08:05 139564                     /lib/x86_64-linux-gnu/libexpat.so.1.6.0
7f78f6e5a000-7f78f705a000 ---p 00027000 08:05 139564                     /lib/x86_64-linux-gnu/libexpat.so.1.6.0
7f78f705a000-7f78f705c000 r--p 00027000 08:05 139564                     /lib/x86_64-linux-gnu/libexpat.so.1.6.0
7f78f705c000-7f78f705d000 rw-p 00029000 08:05 139564                     /lib/x86_64-linux-gnu/libexpat.so.1.6.0
7f78f705d000-7f78f7065000 r-xp 00000000 08:08 269124                     /usr/lib/x86_64-linux-gnu/libthai.so.0.2.0
7f78f7065000-7f78f7264000 ---p 00008000 08:08 269124                     /usr/lib/x86_64-linux-gnu/libthai.so.0.2.0
7f78f7264000-7f78f7265000 r--p 00007000 08:08 269124                     /usr/lib/x86_64-linux-gnu/libthai.so.0.2.0
7f78f7265000-7f78f7266000 rw-p 00008000 08:08 269124                     /usr/lib/x86_64-linux-gnu/libthai.so.0.2.0
7f78f7266000-7f78f72b9000 r-xp 00000000 08:08 269386                     /usr/lib/x86_64-linux-gnu/libharfbuzz.so.0.927.0
7f78f72b9000-7f78f74b9000 ---p 00053000 08:08 269386                     /usr/lib/x86_64-linux-gnu/libharfbuzz.so.0.927.0
7f78f74b9000-7f78f74ba000 r--p 00053000 08:08 269386                     /usr/lib/x86_64-linux-gnu/libharfbuzz.so.0.927.0
7f78f74ba000-7f78f74bb000 rw-p 00054000 08:08 269386                     /usr/lib/x86_64-linux-gnu/libharfbuzz.so.0.927.0
7f78f74bb000-7f78f74d2000 r-xp 00000000 08:05 141788                     /lib/x86_64-linux-gnu/libresolv-2.19.so
7f78f74d2000-7f78f76d2000 ---p 00017000 08:05 141788                     /lib/x86_64-linux-gnu/libresolv-2.19.so
7f78f76d2000-7f78f76d3000 r--p 00017000 08:05 141788                     /lib/x86_64-linux-gnu/libresolv-2.19.so
7f78f76d3000-7f78f76d4000 rw-p 00018000 08:05 141788                     /lib/x86_64-linux-gnu/libresolv-2.19.so
7f78f76d4000-7f78f76d6000 rw-p 00000000 00:00 0 
7f78f76d6000-7f78f76f6000 r-xp 00000000 08:05 134211                     /lib/x86_64-linux-gnu/libselinux.so.1
7f78f76f6000-7f78f78f5000 ---p 00020000 08:05 134211                     /lib/x86_64-linux-gnu/libselinux.so.1
7f78f78f5000-7f78f78f6000 r--p 0001f000 08:05 134211                     /lib/x86_64-linux-gnu/libselinux.so.1
7f78f78f6000-7f78f78f7000 rw-p 00020000 08:05 134211                     /lib/x86_64-linux-gnu/libselinux.so.1
7f78f78f7000-7f78f78f9000 rw-p 00000000 00:00 0 
7f78f78f9000-7f78f7901000 r-xp 00000000 08:08 269395                     /usr/lib/x86_64-linux-gnu/libxcb-render.so.0.0.0
7f78f7901000-7f78f7b00000 ---p 00008000 08:08 269395                     /usr/lib/x86_64-linux-gnu/libxcb-render.so.0.0.0
7f78f7b00000-7f78f7b01000 r--p 00007000 08:08 269395                     /usr/lib/x86_64-linux-gnu/libxcb-render.so.0.0.0
7f78f7b01000-7f78f7b02000 rw-p 00008000 08:08 269395                     /usr/lib/x86_64-linux-gnu/libxcb-render.so.0.0.0
7f78f7b02000-7f78f7b04000 r-xp 00000000 08:08 269518                     /usr/lib/x86_64-linux-gnu/libxcb-shm.so.0.0.0
7f78f7b04000-7f78f7d03000 ---p 00002000 08:08 269518                     /usr/lib/x86_64-linux-gnu/libxcb-shm.so.0.0.0
7f78f7d03000-7f78f7d04000 r--p 00001000 08:08 269518                     /usr/lib/x86_64-linux-gnu/libxcb-shm.so.0.0.0
7f78f7d04000-7f78f7d05000 rw-p 00002000 08:08 269518                     /usr/lib/x86_64-linux-gnu/libxcb-shm.so.0.0.0
7f78f7d05000-7f78f7da6000 r-xp 00000000 08:08 269562                     /usr/lib/x86_64-linux-gnu/libpixman-1.so.0.30.2
7f78f7da6000-7f78f7fa6000 ---p 000a1000 08:08 269562                     /usr/lib/x86_64-linux-gnu/libpixman-1.so.0.30.2
7f78f7fa6000-7f78f7fad000 r--p 000a1000 08:08 269562                     /usr/lib/x86_64-linux-gnu/libpixman-1.so.0.30.2
7f78f7fad000-7f78f7fae000 rw-p 000a8000 08:08 269562                     /usr/lib/x86_64-linux-gnu/libpixman-1.so.0.30.2
7f78f7fae000-7f78f8061000 r-xp 00000000 08:08 269187                     /usr/lib/x86_64-linux-gnu/libfreetype.so.6.11.1
7f78f8061000-7f78f8260000 ---p 000b3000 08:08 269187                     /usr/lib/x86_64-linux-gnu/libfreetype.so.6.11.1
7f78f8260000-7f78f8266000 r--p 000b2000 08:08 269187                     /usr/lib/x86_64-linux-gnu/libfreetype.so.6.11.1
7f78f8266000-7f78f8269000 rw-p 000b8000 08:08 269187                     /usr/lib/x86_64-linux-gnu/libfreetype.so.6.11.1
7f78f8269000-7f78f8278000 r-xp 00000000 08:05 144210                     /lib/x86_64-linux-gnu/libbz2.so.1.0.4
7f78f8278000-7f78f8477000 ---p 0000f000 08:05 144210                     /lib/x86_64-linux-gnu/libbz2.so.1.0.4
7f78f8477000-7f78f8478000 r--p 0000e000 08:05 144210                     /lib/x86_64-linux-gnu/libbz2.so.1.0.4
7f78f8478000-7f78f8479000 rw-p 0000f000 08:05 144210                     /lib/x86_64-linux-gnu/libbz2.so.1.0.4
7f78f8479000-7f78f852f000 r-xp 00000000 08:08 260290                     /usr/lib/x86_64-linux-gnu/libgnutls.so.26.22.6
7f78f852f000-7f78f872f000 ---p 000b6000 08:08 260290                     /usr/lib/x86_64-linux-gnu/libgnutls.so.26.22.6
7f78f872f000-7f78f8735000 r--p 000b6000 08:08 260290                     /usr/lib/x86_64-linux-gnu/libgnutls.so.26.22.6
7f78f8735000-7f78f8736000 rw-p 000bc000 08:08 260290                     /usr/lib/x86_64-linux-gnu/libgnutls.so.26.22.6
7f78f8736000-7f78f8737000 rw-p 00000000 00:00 0 
7f78f8737000-7f78f8750000 r-xp 00000000 08:08 269782                     /usr/lib/x86_64-linux-gnu/librtmp.so.0
7f78f8750000-7f78f894f000 ---p 00019000 08:08 269782                     /usr/lib/x86_64-linux-gnu/librtmp.so.0
7f78f894f000-7f78f8950000 r--p 00018000 08:08 269782                     /usr/lib/x86_64-linux-gnu/librtmp.so.0
7f78f8950000-7f78f8951000 rw-p 00019000 08:08 269782                     /usr/lib/x86_64-linux-gnu/librtmp.so.0
7f78f8951000-7f78f8965000 r-xp 00000000 08:08 269686                     /usr/lib/x86_64-linux-gnu/libva.so.1.3500.0
7f78f8965000-7f78f8b65000 ---p 00014000 08:08 269686                     /usr/lib/x86_64-linux-gnu/libva.so.1.3500.0
7f78f8b65000-7f78f8b66000 r--p 00014000 08:08 269686                     /usr/lib/x86_64-linux-gnu/libva.so.1.3500.0
7f78f8b66000-7f78f8b67000 rw-p 00015000 08:08 269686                     /usr/lib/x86_64-linux-gnu/libva.so.1.3500.0
7f78f8b67000-7f78f8b74000 r-xp 00000000 08:08 269392                     /usr/lib/x86_64-linux-gnu/libgsm.so.1.0.12
7f78f8b74000-7f78f8d73000 ---p 0000d000 08:08 269392                     /usr/lib/x86_64-linux-gnu/libgsm.so.1.0.12
7f78f8d73000-7f78f8d74000 r--p 0000c000 08:08 269392                     /usr/lib/x86_64-linux-gnu/libgsm.so.1.0.12
7f78f8d74000-7f78f8d75000 rw-p 0000d000 08:08 269392                     /usr/lib/x86_64-linux-gnu/libgsm.so.1.0.12
7f78f8d75000-7f78f8dd2000 r-xp 00000000 08:08 272130                     /usr/lib/x86_64-linux-gnu/libmp3lame.so.0.0.0
7f78f8dd2000-7f78f8fd2000 ---p 0005d000 08:08 272130                     /usr/lib/x86_64-linux-gnu/libmp3lame.so.0.0.0
7f78f8fd2000-7f78f8fd3000 r--p 0005d000 08:08 272130                     /usr/lib/x86_64-linux-gnu/libmp3lame.so.0.0.0
7f78f8fd3000-7f78f8fd4000 rw-p 0005e000 08:08 272130                     /usr/lib/x86_64-linux-gnu/libmp3lame.so.0.0.0
7f78f8fd4000-7f78f9002000 rw-p 00000000 00:00 0 
7f78f9002000-7f78f9023000 r-xp 00000000 08:08 269621                     /usr/lib/x86_64-linux-gnu/libopenjpeg-2.1.3.0.so
7f78f9023000-7f78f9222000 ---p 00021000 08:08 269621                     /usr/lib/x86_64-linux-gnu/libopenjpeg-2.1.3.0.so
7f78f9222000-7f78f9223000 r--p 00020000 08:08 269621                     /usr/lib/x86_64-linux-gnu/libopenjpeg-2.1.3.0.so
7f78f9223000-7f78f9224000 rw-p 00021000 08:08 269621                     /usr/lib/x86_64-linux-gnu/libopenjpeg-2.1.3.0.so
7f78f9224000-7f78f926b000 r-xp 00000000 08:08 269356                     /usr/lib/x86_64-linux-gnu/libopus.so.0.5.0
7f78f926b000-7f78f946a000 ---p 00047000 08:08 269356                     /usr/lib/x86_64-linux-gnu/libopus.so.0.5.0
7f78f946a000-7f78f946b000 r--p 00046000 08:08 269356                     /usr/lib/x86_64-linux-gnu/libopus.so.0.5.0
7f78f946b000-7f78f946c000 rw-p 00047000 08:08 269356                     /usr/lib/x86_64-linux-gnu/libopus.so.0.5.0
7f78f946c000-7f78f952c000 r-xp 00000000 08:08 269684                     /usr/lib/x86_64-linux-gnu/libschroedinger-1.0.so.0.11.0
7f78f952c000-7f78f972c000 ---p 000c0000 08:08 269684                     /usr/lib/x86_64-linux-gnu/libschroedinger-1.0.so.0.11.0
7f78f972c000-7f78f972e000 r--p 000c0000 08:08 269684                     /usr/lib/x86_64-linux-gnu/libschroedinger-1.0.so.0.11.0
7f78f972e000-7f78f972f000 rw-p 000c2000 08:08 269684                     /usr/lib/x86_64-linux-gnu/libschroedinger-1.0.so.0.11.0
7f78f972f000-7f78f9730000 rw-p 00000000 00:00 0 
7f78f9730000-7f78f9747000 r-xp 00000000 08:08 272415                     /usr/lib/x86_64-linux-gnu/libspeex.so.1.5.0
7f78f9747000-7f78f9947000 ---p 00017000 08:08 272415                     /usr/lib/x86_64-linux-gnu/libspeex.so.1.5.0
7f78f9947000-7f78f9948000 r--p 00017000 08:08 272415                     /usr/lib/x86_64-linux-gnu/libspeex.so.1.5.0
7f78f9948000-7f78f9949000 rw-p 00018000 08:08 272415                     /usr/lib/x86_64-linux-gnu/libspeex.so.1.5.0
7f78f9949000-7f78f9961000 r-xp 00000000 08:08 271736                     /usr/lib/x86_64-linux-gnu/libtheoradec.so.1.1.4
7f78f9961000-7f78f9b60000 ---p 00018000 08:08 271736                     /usr/lib/x86_64-linux-gnu/libtheoradec.so.1.1.4
7f78f9b60000-7f78f9b61000 r--p 00017000 08:08 271736                     /usr/lib/x86_64-linux-gnu/libtheoradec.so.1.1.4
7f78f9b61000-7f78f9b62000 rw-p 00018000 08:08 271736                     /usr/lib/x86_64-linux-gnu/libtheoradec.so.1.1.4
7f78f9b62000-7f78f9ba1000 r-xp 00000000 08:08 271735                     /usr/lib/x86_64-linux-gnu/libtheoraenc.so.1.1.2
7f78f9ba1000-7f78f9da0000 ---p 0003f000 08:08 271735                     /usr/lib/x86_64-linux-gnu/libtheoraenc.so.1.1.2
7f78f9da0000-7f78f9da1000 r--p 0003e000 08:08 271735                     /usr/lib/x86_64-linux-gnu/libtheoraenc.so.1.1.2
7f78f9da1000-7f78f9da2000 rw-p 0003f000 08:08 271735                     /usr/lib/x86_64-linux-gnu/libtheoraenc.so.1.1.2
7f78f9da2000-7f78f9dce000 r-xp 00000000 08:08 274421                     /usr/lib/x86_64-linux-gnu/libvorbis.so.0.4.5
7f78f9dce000-7f78f9fcd000 ---p 0002c000 08:08 274421                     /usr/lib/x86_64-linux-gnu/libvorbis.so.0.4.5
7f78f9fcd000-7f78f9fce000 r--p 0002b000 08:08 274421                     /usr/lib/x86_64-linux-gnu/libvorbis.so.0.4.5
7f78f9fce000-7f78f9fcf000 rw-p 0002c000 08:08 274421                     /usr/lib/x86_64-linux-gnu/libvorbis.so.0.4.5
7f78f9fcf000-7f78fa282000 r-xp 00000000 08:08 269851                     /usr/lib/x86_64-linux-gnu/libvorbisenc.so.2.0.8
7f78fa282000-7f78fa481000 ---p 002b3000 08:08 269851                     /usr/lib/x86_64-linux-gnu/libvorbisenc.so.2.0.8
7f78fa481000-7f78fa49d000 r--p 002b2000 08:08 269851                     /usr/lib/x86_64-linux-gnu/libvorbisenc.so.2.0.8
7f78fa49d000-7f78fa49e000 rw-p 002ce000 08:08 269851                     /usr/lib/x86_64-linux-gnu/libvorbisenc.so.2.0.8
7f78fa49e000-7f78fa636000 r-xp 00000000 08:08 269116                     /usr/lib/x86_64-linux-gnu/libvpx.so.1.3.0
7f78fa636000-7f78fa835000 ---p 00198000 08:08 269116                     /usr/lib/x86_64-linux-gnu/libvpx.so.1.3.0
7f78fa835000-7f78fa837000 rw-p 00197000 08:08 269116                     /usr/lib/x86_64-linux-gnu/libvpx.so.1.3.0
7f78fa837000-7f78fa87d000 rw-p 00000000 00:00 0 
7f78fa87d000-7f78fa996000 r-xp 00000000 08:08 269906                     /usr/lib/x86_64-linux-gnu/libx264.so.142
7f78fa996000-7f78fab96000 ---p 00119000 08:08 269906                     /usr/lib/x86_64-linux-gnu/libx264.so.142
7f78fab96000-7f78fab97000 r--p 00119000 08:08 269906                     /usr/lib/x86_64-linux-gnu/libx264.so.142
7f78fab97000-7f78fab98000 rw-p 0011a000 08:08 269906                     /usr/lib/x86_64-linux-gnu/libx264.so.142
7f78fab98000-7f78fac13000 rw-p 00000000 00:00 0 
7f78fac13000-7f78facde000 r-xp 00000000 08:08 269987                     /usr/lib/x86_64-linux-gnu/libxvidcore.so.4.3
7f78facde000-7f78faedd000 ---p 000cb000 08:08 269987                     /usr/lib/x86_64-linux-gnu/libxvidcore.so.4.3
7f78faedd000-7f78faede000 r--p 000ca000 08:08 269987                     /usr/lib/x86_64-linux-gnu/libxvidcore.so.4.3
7f78faede000-7f78faee8000 rw-p 000cb000 08:08 269987                     /usr/lib/x86_64-linux-gnu/libxvidcore.so.4.3
7f78faee8000-7f78faf51000 rw-p 00000000 00:00 0 
7f78faf51000-7f78faf5a000 r-xp 00000000 08:08 274664                     /usr/lib/x86_64-linux-gnu/libv4l2.so.0.0.0
7f78faf5a000-7f78fb159000 ---p 00009000 08:08 274664                     /usr/lib/x86_64-linux-gnu/libv4l2.so.0.0.0
7f78fb159000-7f78fb15a000 r--p 00008000 08:08 274664                     /usr/lib/x86_64-linux-gnu/libv4l2.so.0.0.0
7f78fb15a000-7f78fb15f000 rw-p 00009000 08:08 274664                     /usr/lib/x86_64-linux-gnu/libv4l2.so.0.0.0
7f78fb15f000-7f78fb174000 r-xp 00000000 08:05 141670                     /lib/x86_64-linux-gnu/libusb-1.0.so.0.1.0
7f78fb174000-7f78fb374000 ---p 00015000 08:05 141670                     /lib/x86_64-linux-gnu/libusb-1.0.so.0.1.0
7f78fb374000-7f78fb375000 r--p 00015000 08:05 141670                     /lib/x86_64-linux-gnu/libusb-1.0.so.0.1.0
7f78fb375000-7f78fb376000 rw-p 00016000 08:05 141670                     /lib/x86_64-linux-gnu/libusb-1.0.so.0.1.0
7f78fb376000-7f78fb383000 r-xp 00000000 08:08 271616                     /usr/lib/x86_64-linux-gnu/libraw1394.so.11.1.0
7f78fb383000-7f78fb582000 ---p 0000d000 08:08 271616                     /usr/lib/x86_64-linux-gnu/libraw1394.so.11.1.0
7f78fb582000-7f78fb583000 r--p 0000c000 08:08 271616                     /usr/lib/x86_64-linux-gnu/libraw1394.so.11.1.0
7f78fb583000-7f78fb584000 rw-p 0000d000 08:08 271616                     /usr/lib/x86_64-linux-gnu/libraw1394.so.11.1.0
7f78fb584000-7f78fb5a2000 r-xp 00000000 08:08 272483                     /usr/lib/x86_64-linux-gnu/libpangox-1.0.so.0.0.0
7f78fb5a2000-7f78fb7a1000 ---p 0001e000 08:08 272483                     /usr/lib/x86_64-linux-gnu/libpangox-1.0.so.0.0.0
7f78fb7a1000-7f78fb7a2000 r--p 0001d000 08:08 272483                     /usr/lib/x86_64-linux-gnu/libpangox-1.0.so.0.0.0
7f78fb7a2000-7f78fb7a3000 rw-p 0001e000 08:08 272483                     /usr/lib/x86_64-linux-gnu/libpangox-1.0.so.0.0.0
7f78fb7a3000-7f78fb7bb000 r-xp 00000000 08:08 268950                     /usr/lib/x86_64-linux-gnu/libXmu.so.6.2.0
7f78fb7bb000-7f78fb9ba000 ---p 00018000 08:08 268950                     /usr/lib/x86_64-linux-gnu/libXmu.so.6.2.0
7f78fb9ba000-7f78fb9bb000 r--p 00017000 08:08 268950                     /usr/lib/x86_64-linux-gnu/libXmu.so.6.2.0
7f78fb9bb000-7f78fb9bc000 rw-p 00018000 08:08 268950                     /usr/lib/x86_64-linux-gnu/libXmu.so.6.2.0
7f78fb9bc000-7f78fba28000 r-xp 00000000 08:08 265358                     /usr/lib/x86_64-linux-gnu/libGLU.so.1.3.1
7f78fba28000-7f78fbc28000 ---p 0006c000 08:08 265358                     /usr/lib/x86_64-linux-gnu/libGLU.so.1.3.1
7f78fbc28000-7f78fbc29000 r--p 0006c000 08:08 265358                     /usr/lib/x86_64-linux-gnu/libGLU.so.1.3.1
7f78fbc29000-7f78fbc2a000 rw-p 0006d000 08:08 265358                     /usr/lib/x86_64-linux-gnu/libGLU.so.1.3.1
7f78fbc2a000-7f78fbc67000 r-xp 00000000 08:05 153805                     /lib/x86_64-linux-gnu/libpcre.so.3.13.1
7f78fbc67000-7f78fbe66000 ---p 0003d000 08:05 153805                     /lib/x86_64-linux-gnu/libpcre.so.3.13.1
7f78fbe66000-7f78fbe67000 r--p 0003c000 08:05 153805                     /lib/x86_64-linux-gnu/libpcre.so.3.13.1
7f78fbe67000-7f78fbe68000 rw-p 0003d000 08:05 153805                     /lib/x86_64-linux-gnu/libpcre.so.3.13.1
7f78fbe68000-7f78fbe6f000 r-xp 00000000 08:08 268079                     /usr/lib/x86_64-linux-gnu/libffi.so.6.0.1
7f78fbe6f000-7f78fc06e000 ---p 00007000 08:08 268079                     /usr/lib/x86_64-linux-gnu/libffi.so.6.0.1
7f78fc06e000-7f78fc06f000 r--p 00006000 08:08 268079                     /usr/lib/x86_64-linux-gnu/libffi.so.6.0.1
7f78fc06f000-7f78fc070000 rw-p 00007000 08:08 268079                     /usr/lib/x86_64-linux-gnu/libffi.so.6.0.1
7f78fc070000-7f78fc072000 r-xp 00000000 08:08 268930                     /usr/lib/x86_64-linux-gnu/libXcomposite.so.1.0.0
7f78fc072000-7f78fc271000 ---p 00002000 08:08 268930                     /usr/lib/x86_64-linux-gnu/libXcomposite.so.1.0.0
7f78fc271000-7f78fc272000 r--p 00001000 08:08 268930                     /usr/lib/x86_64-linux-gnu/libXcomposite.so.1.0.0
7f78fc272000-7f78fc273000 rw-p 00002000 08:08 268930                     /usr/lib/x86_64-linux-gnu/libXcomposite.so.1.0.0
7f78fc273000-7f78fc27c000 r-xp 00000000 08:08 268932                     /usr/lib/x86_64-linux-gnu/libXcursor.so.1.0.2
7f78fc27c000-7f78fc47b000 ---p 00009000 08:08 268932                     /usr/lib/x86_64-linux-gnu/libXcursor.so.1.0.2
7f78fc47b000-7f78fc47c000 r--p 00008000 08:08 268932                     /usr/lib/x86_64-linux-gnu/libXcursor.so.1.0.2
7f78fc47c000-7f78fc47d000 rw-p 00009000 08:08 268932                     /usr/lib/x86_64-linux-gnu/libXcursor.so.1.0.2
7f78fc47d000-7f78fc486000 r-xp 00000000 08:08 269524                     /usr/lib/x86_64-linux-gnu/libXrandr.so.2.2.0
7f78fc486000-7f78fc685000 ---p 00009000 08:08 269524                     /usr/lib/x86_64-linux-gnu/libXrandr.so.2.2.0
7f78fc685000-7f78fc686000 r--p 00008000 08:08 269524                     /usr/lib/x86_64-linux-gnu/libXrandr.so.2.2.0
7f78fc686000-7f78fc687000 rw-p 00009000 08:08 269524                     /usr/lib/x86_64-linux-gnu/libXrandr.so.2.2.0
7f78fc687000-7f78fc689000 r-xp 00000000 08:08 268948                     /usr/lib/x86_64-linux-gnu/libXinerama.so.1.0.0
7f78fc689000-7f78fc888000 ---p 00002000 08:08 268948                     /usr/lib/x86_64-linux-gnu/libXinerama.so.1.0.0
7f78fc888000-7f78fc889000 r--p 00001000 08:08 268948                     /usr/lib/x86_64-linux-gnu/libXinerama.so.1.0.0
7f78fc889000-7f78fc88a000 rw-p 00002000 08:08 268948                     /usr/lib/x86_64-linux-gnu/libXinerama.so.1.0.0
7f78fc88a000-7f78fc8c4000 r-xp 00000000 08:08 266717                     /usr/lib/x86_64-linux-gnu/libfontconfig.so.1.8.0
7f78fc8c4000-7f78fcac3000 ---p 0003a000 08:08 266717                     /usr/lib/x86_64-linux-gnu/libfontconfig.so.1.8.0
7f78fcac3000-7f78fcac5000 r--p 00039000 08:08 266717                     /usr/lib/x86_64-linux-gnu/libfontconfig.so.1.8.0
7f78fcac5000-7f78fcac6000 rw-p 0003b000 08:08 266717                     /usr/lib/x86_64-linux-gnu/libfontconfig.so.1.8.0
7f78fcac6000-7f78fcb10000 r-xp 00000000 08:08 280100                     /usr/lib/x86_64-linux-gnu/libpango-1.0.so.0.3600.3
7f78fcb10000-7f78fcd10000 ---p 0004a000 08:08 280100                     /usr/lib/x86_64-linux-gnu/libpango-1.0.so.0.3600.3
7f78fcd10000-7f78fcd12000 r--p 0004a000 08:08 280100                     /usr/lib/x86_64-linux-gnu/libpango-1.0.so.0.3600.3
7f78fcd12000-7f78fcd13000 rw-p 0004c000 08:08 280100                     /usr/lib/x86_64-linux-gnu/libpango-1.0.so.0.3600.3
7f78fcd13000-7f78fcd27000 r-xp 00000000 08:08 266704                     /usr/lib/x86_64-linux-gnu/libpangoft2-1.0.so.0.3600.3
7f78fcd27000-7f78fcf26000 ---p 00014000 08:08 266704                     /usr/lib/x86_64-linux-gnu/libpangoft2-1.0.so.0.3600.3
7f78fcf26000-7f78fcf27000 r--p 00013000 08:08 266704                     /usr/lib/x86_64-linux-gnu/libpangoft2-1.0.so.0.3600.3
7f78fcf27000-7f78fcf28000 rw-p 00014000 08:08 266704                     /usr/lib/x86_64-linux-gnu/libpangoft2-1.0.so.0.3600.3
7f78fcf28000-7f78fd093000 r-xp 00000000 08:08 266285                     /usr/lib/x86_64-linux-gnu/libgio-2.0.so.0.4000.0
7f78fd093000-7f78fd293000 ---p 0016b000 08:08 266285                     /usr/lib/x86_64-linux-gnu/libgio-2.0.so.0.4000.0
7f78fd293000-7f78fd297000 r--p 0016b000 08:08 266285                     /usr/lib/x86_64-linux-gnu/libgio-2.0.so.0.4000.0
7f78fd297000-7f78fd299000 rw-p 0016f000 08:08 266285                     /usr/lib/x86_64-linux-gnu/libgio-2.0.so.0.4000.0
7f78fd299000-7f78fd29b000 rw-p 00000000 00:00 0 
7f78fd29b000-7f78fd2ba000 r-xp 00000000 08:08 271762                     /usr/lib/x86_64-linux-gnu/libgdk_pixbuf-2.0.so.0.3000.7
7f78fd2ba000-7f78fd4ba000 ---p 0001f000 08:08 271762                     /usr/lib/x86_64-linux-gnu/libgdk_pixbuf-2.0.so.0.3000.7
7f78fd4ba000-7f78fd4bb000 r--p 0001f000 08:08 271762                     /usr/lib/x86_64-linux-gnu/libgdk_pixbuf-2.0.so.0.3000.7
7f78fd4bb000-7f78fd4bc000 rw-p 00020000 08:08 271762                     /usr/lib/x86_64-linux-gnu/libgdk_pixbuf-2.0.so.0.3000.7
7f78fd4bc000-7f78fd5c2000 r-xp 00000000 08:08 269984                     /usr/lib/x86_64-linux-gnu/libcairo.so.2.11301.0
7f78fd5c2000-7f78fd7c1000 ---p 00106000 08:08 269984                     /usr/lib/x86_64-linux-gnu/libcairo.so.2.11301.0
7f78fd7c1000-7f78fd7c4000 r--p 00105000 08:08 269984                     /usr/lib/x86_64-linux-gnu/libcairo.so.2.11301.0
7f78fd7c4000-7f78fd7c5000 rw-p 00108000 08:08 269984                     /usr/lib/x86_64-linux-gnu/libcairo.so.2.11301.0
7f78fd7c5000-7f78fd7c7000 rw-p 00000000 00:00 0 
7f78fd7c7000-7f78fd7e6000 r-xp 00000000 08:08 261094                     /usr/lib/x86_64-linux-gnu/libatk-1.0.so.0.21009.1
7f78fd7e6000-7f78fd9e6000 ---p 0001f000 08:08 261094                     /usr/lib/x86_64-linux-gnu/libatk-1.0.so.0.21009.1
7f78fd9e6000-7f78fd9e8000 r--p 0001f000 08:08 261094                     /usr/lib/x86_64-linux-gnu/libatk-1.0.so.0.21009.1
7f78fd9e8000-7f78fd9e9000 rw-p 00021000 08:08 261094                     /usr/lib/x86_64-linux-gnu/libatk-1.0.so.0.21009.1
7f78fd9e9000-7f78fd9f4000 r-xp 00000000 08:08 269477                     /usr/lib/x86_64-linux-gnu/libpangocairo-1.0.so.0.3600.3
7f78fd9f4000-7f78fdbf4000 ---p 0000b000 08:08 269477                     /usr/lib/x86_64-linux-gnu/libpangocairo-1.0.so.0.3600.3
7f78fdbf4000-7f78fdbf5000 r--p 0000b000 08:08 269477                     /usr/lib/x86_64-linux-gnu/libpangocairo-1.0.so.0.3600.3
7f78fdbf5000-7f78fdbf6000 rw-p 0000c000 08:08 269477                     /usr/lib/x86_64-linux-gnu/libpangocairo-1.0.so.0.3600.3
7f78fdbf6000-7f78fdbf9000 r-xp 00000000 08:08 266287                     /usr/lib/x86_64-linux-gnu/libgmodule-2.0.so.0.4000.0
7f78fdbf9000-7f78fddf8000 ---p 00003000 08:08 266287                     /usr/lib/x86_64-linux-gnu/libgmodule-2.0.so.0.4000.0
7f78fddf8000-7f78fddf9000 r--p 00002000 08:08 266287                     /usr/lib/x86_64-linux-gnu/libgmodule-2.0.so.0.4000.0
7f78fddf9000-7f78fddfa000 rw-p 00003000 08:08 266287                     /usr/lib/x86_64-linux-gnu/libgmodule-2.0.so.0.4000.0
7f78fddfa000-7f78fddff000 r-xp 00000000 08:08 269137                     /usr/lib/x86_64-linux-gnu/libIlmThread.so.6.0.0
7f78fddff000-7f78fdffe000 ---p 00005000 08:08 269137                     /usr/lib/x86_64-linux-gnu/libIlmThread.so.6.0.0
7f78fdffe000-7f78fdfff000 r--p 00004000 08:08 269137                     /usr/lib/x86_64-linux-gnu/libIlmThread.so.6.0.0
7f78fdfff000-7f78fe000000 rw-p 00005000 08:08 269137                     /usr/lib/x86_64-linux-gnu/libIlmThread.so.6.0.0
7f78fe000000-7f78fe01a000 r-xp 00000000 08:08 271828                     /usr/lib/x86_64-linux-gnu/libIex.so.6.0.0
7f78fe01a000-7f78fe219000 ---p 0001a000 08:08 271828                     /usr/lib/x86_64-linux-gnu/libIex.so.6.0.0
7f78fe219000-7f78fe21d000 r--p 00019000 08:08 271828                     /usr/lib/x86_64-linux-gnu/libIex.so.6.0.0
7f78fe21d000-7f78fe21e000 rw-p 0001d000 08:08 271828                     /usr/lib/x86_64-linux-gnu/libIex.so.6.0.0
7f78fe21e000-7f78fe229000 r-xp 00000000 08:08 263020                     /usr/lib/x86_64-linux-gnu/libjbig.so.0
7f78fe229000-7f78fe428000 ---p 0000b000 08:08 263020                     /usr/lib/x86_64-linux-gnu/libjbig.so.0
7f78fe428000-7f78fe429000 r--p 0000a000 08:08 263020                     /usr/lib/x86_64-linux-gnu/libjbig.so.0
7f78fe429000-7f78fe42c000 rw-p 0000b000 08:08 263020                     /usr/lib/x86_64-linux-gnu/libjbig.so.0
7f78fe42c000-7f78fe44d000 r-xp 00000000 08:05 153833                     /lib/x86_64-linux-gnu/liblzma.so.5.0.0
7f78fe44d000-7f78fe64c000 ---p 00021000 08:05 153833                     /lib/x86_64-linux-gnu/liblzma.so.5.0.0
7f78fe64c000-7f78fe64d000 r--p 00020000 08:05 153833                     /lib/x86_64-linux-gnu/liblzma.so.5.0.0
7f78fe64d000-7f78fe64e000 rw-p 00021000 08:05 153833                     /lib/x86_64-linux-gnu/liblzma.so.5.0.0
7f78fe64e000-7f78fe659000 r-xp 00000000 08:08 266560                     /usr/lib/x86_64-linux-gnu/libdrm.so.2.4.0
7f78fe659000-7f78fe858000 ---p 0000b000 08:08 266560                     /usr/lib/x86_64-linux-gnu/libdrm.so.2.4.0
7f78fe858000-7f78fe859000 r--p 0000a000 08:08 266560                     /usr/lib/x86_64-linux-gnu/libdrm.so.2.4.0
7f78fe859000-7f78fe85a000 rw-p 0000b000 08:08 266560                     /usr/lib/x86_64-linux-gnu/libdrm.so.2.4.0
7f78fe85a000-7f78fe85e000 r-xp 00000000 08:08 268970                     /usr/lib/x86_64-linux-gnu/libXxf86vm.so.1.0.0
7f78fe85e000-7f78fea5e000 ---p 00004000 08:08 268970                     /usr/lib/x86_64-linux-gnu/libXxf86vm.so.1.0.0
7f78fea5e000-7f78fea5f000 r--p 00004000 08:08 268970                     /usr/lib/x86_64-linux-gnu/libXxf86vm.so.1.0.0
7f78fea5f000-7f78fea60000 rw-p 00005000 08:08 268970                     /usr/lib/x86_64-linux-gnu/libXxf86vm.so.1.0.0
7f78fea60000-7f78fea61000 r-xp 00000000 08:08 265442                     /usr/lib/x86_64-linux-gnu/libxshmfence.so.1.0.0
7f78fea61000-7f78fec60000 ---p 00001000 08:08 265442                     /usr/lib/x86_64-linux-gnu/libxshmfence.so.1.0.0
7f78fec60000-7f78fec61000 r--p 00000000 08:08 265442                     /usr/lib/x86_64-linux-gnu/libxshmfence.so.1.0.0
7f78fec61000-7f78fec62000 rw-p 00001000 08:08 265442                     /usr/lib/x86_64-linux-gnu/libxshmfence.so.1.0.0
7f78fec62000-7f78fec67000 r-xp 00000000 08:08 265356                     /usr/lib/x86_64-linux-gnu/libxcb-sync.so.1.0.0
7f78fec67000-7f78fee66000 ---p 00005000 08:08 265356                     /usr/lib/x86_64-linux-gnu/libxcb-sync.so.1.0.0
7f78fee66000-7f78fee67000 r--p 00004000 08:08 265356                     /usr/lib/x86_64-linux-gnu/libxcb-sync.so.1.0.0
7f78fee67000-7f78fee68000 rw-p 00005000 08:08 265356                     /usr/lib/x86_64-linux-gnu/libxcb-sync.so.1.0.0
7f78fee68000-7f78fee6a000 r-xp 00000000 08:08 265354                     /usr/lib/x86_64-linux-gnu/libxcb-present.so.0.0.0
7f78fee6a000-7f78ff069000 ---p 00002000 08:08 265354                     /usr/lib/x86_64-linux-gnu/libxcb-present.so.0.0.0
7f78ff069000-7f78ff06a000 r--p 00001000 08:08 265354                     /usr/lib/x86_64-linux-gnu/libxcb-present.so.0.0.0
7f78ff06a000-7f78ff06b000 rw-p 00002000 08:08 265354                     /usr/lib/x86_64-linux-gnu/libxcb-present.so.0.0.0
7f78ff06b000-7f78ff06d000 r-xp 00000000 08:08 265352                     /usr/lib/x86_64-linux-gnu/libxcb-dri3.so.0.0.0
7f78ff06d000-7f78ff26c000 ---p 00002000 08:08 265352                     /usr/lib/x86_64-linux-gnu/libxcb-dri3.so.0.0.0
7f78ff26c000-7f78ff26d000 r--p 00001000 08:08 265352                     /usr/lib/x86_64-linux-gnu/libxcb-dri3.so.0.0.0
7f78ff26d000-7f78ff26e000 rw-p 00002000 08:08 265352                     /usr/lib/x86_64-linux-gnu/libxcb-dri3.so.0.0.0
7f78ff26e000-7f78ff271000 r-xp 00000000 08:08 266574                     /usr/lib/x86_64-linux-gnu/libxcb-dri2.so.0.0.0
7f78ff271000-7f78ff471000 ---p 00003000 08:08 266574                     /usr/lib/x86_64-linux-gnu/libxcb-dri2.so.0.0.0
7f78ff471000-7f78ff472000 r--p 00003000 08:08 266574                     /usr/lib/x86_64-linux-gnu/libxcb-dri2.so.0.0.0
7f78ff472000-7f78ff473000 rw-p 00004000 08:08 266574                     /usr/lib/x86_64-linux-gnu/libxcb-dri2.so.0.0.0
7f78ff473000-7f78ff488000 r-xp 00000000 08:08 265308                     /usr/lib/x86_64-linux-gnu/libxcb-glx.so.0.0.0
7f78ff488000-7f78ff687000 ---p 00015000 08:08 265308                     /usr/lib/x86_64-linux-gnu/libxcb-glx.so.0.0.0
7f78ff687000-7f78ff689000 r--p 00014000 08:08 265308                     /usr/lib/x86_64-linux-gnu/libxcb-glx.so.0.0.0
7f78ff689000-7f78ff68a000 rw-p 00016000 08:08 265308                     /usr/lib/x86_64-linux-gnu/libxcb-glx.so.0.0.0
7f78ff68a000-7f78ff68b000 r-xp 00000000 08:08 268832                     /usr/lib/x86_64-linux-gnu/libX11-xcb.so.1.0.0
7f78ff68b000-7f78ff88a000 ---p 00001000 08:08 268832                     /usr/lib/x86_64-linux-gnu/libX11-xcb.so.1.0.0
7f78ff88a000-7f78ff88b000 r--p 00000000 08:08 268832                     /usr/lib/x86_64-linux-gnu/libX11-xcb.so.1.0.0
7f78ff88b000-7f78ff88c000 rw-p 00001000 08:08 268832                     /usr/lib/x86_64-linux-gnu/libX11-xcb.so.1.0.0
7f78ff88c000-7f78ff891000 r-xp 00000000 08:08 268940                     /usr/lib/x86_64-linux-gnu/libXfixes.so.3.1.0
7f78ff891000-7f78ffa90000 ---p 00005000 08:08 268940                     /usr/lib/x86_64-linux-gnu/libXfixes.so.3.1.0
7f78ffa90000-7f78ffa91000 r--p 00004000 08:08 268940                     /usr/lib/x86_64-linux-gnu/libXfixes.so.3.1.0
7f78ffa91000-7f78ffa92000 rw-p 00005000 08:08 268940                     /usr/lib/x86_64-linux-gnu/libXfixes.so.3.1.0
7f78ffa92000-7f78ffa94000 r-xp 00000000 08:08 268934                     /usr/lib/x86_64-linux-gnu/libXdamage.so.1.1.0
7f78ffa94000-7f78ffc93000 ---p 00002000 08:08 268934                     /usr/lib/x86_64-linux-gnu/libXdamage.so.1.1.0
7f78ffc93000-7f78ffc94000 r--p 00001000 08:08 268934                     /usr/lib/x86_64-linux-gnu/libXdamage.so.1.1.0
7f78ffc94000-7f78ffc95000 rw-p 00002000 08:08 268934                     /usr/lib/x86_64-linux-gnu/libXdamage.so.1.1.0
7f78ffc95000-7f78ffcb7000 r-xp 00000000 08:08 265325                     /usr/lib/x86_64-linux-gnu/libglapi.so.0.0.0
7f78ffcb7000-7f78ffeb7000 ---p 00022000 08:08 265325                     /usr/lib/x86_64-linux-gnu/libglapi.so.0.0.0
7f78ffeb7000-7f78ffeba000 r--p 00022000 08:08 265325                     /usr/lib/x86_64-linux-gnu/libglapi.so.0.0.0
7f78ffeba000-7f78ffebb000 rw-p 00025000 08:08 265325                     /usr/lib/x86_64-linux-gnu/libglapi.so.0.0.0
7f78ffebb000-7f78ffebc000 rw-p 00000000 00:00 0 
7f78ffebc000-7f78fff22000 r-xp 00000000 08:08 260052                     /usr/lib/x86_64-linux-gnu/libopencv_flann.so.2.4.8
7f78fff22000-7f7900122000 ---p 00066000 08:08 260052                     /usr/lib/x86_64-linux-gnu/libopencv_flann.so.2.4.8
7f7900122000-7f7900125000 r--p 00066000 08:08 260052                     /usr/lib/x86_64-linux-gnu/libopencv_flann.so.2.4.8
7f7900125000-7f7900126000 rw-p 00069000 08:08 260052                     /usr/lib/x86_64-linux-gnu/libopencv_flann.so.2.4.8
7f7900126000-7f790016b000 r-xp 00000000 08:08 267125                     /usr/lib/x86_64-linux-gnu/libswscale.so.2.1.1
7f790016b000-7f790036b000 ---p 00045000 08:08 267125                     /usr/lib/x86_64-linux-gnu/libswscale.so.2.1.1
7f790036b000-7f790036c000 r--p 00045000 08:08 267125                     /usr/lib/x86_64-linux-gnu/libswscale.so.2.1.1
7f790036c000-7f790036d000 rw-p 00046000 08:08 267125                     /usr/lib/x86_64-linux-gnu/libswscale.so.2.1.1
7f790036d000-7f790038b000 r-xp 00000000 08:08 300438                     /usr/lib/x86_64-linux-gnu/libavutil.so.52.3.0
7f790038b000-7f790058b000 ---p 0001e000 08:08 300438                     /usr/lib/x86_64-linux-gnu/libavutil.so.52.3.0
7f790058b000-7f790058d000 r--p 0001e000 08:08 300438                     /usr/lib/x86_64-linux-gnu/libavutil.so.52.3.0
7f790058d000-7f790058e000 rw-p 00020000 08:08 300438                     /usr/lib/x86_64-linux-gnu/libavutil.so.52.3.0
7f790058e000-7f7900592000 rw-p 00000000 00:00 0 
7f7900592000-7f79006a0000 r-xp 00000000 08:08 269793                     /usr/lib/x86_64-linux-gnu/libavformat.so.54.20.4
7f79006a0000-7f790089f000 ---p 0010e000 08:08 269793                     /usr/lib/x86_64-linux-gnu/libavformat.so.54.20.4
7f790089f000-7f79008a7000 r--p 0010d000 08:08 269793                     /usr/lib/x86_64-linux-gnu/libavformat.so.54.20.4
7f79008a7000-7f79008b4000 rw-p 00115000 08:08 269793                     /usr/lib/x86_64-linux-gnu/libavformat.so.54.20.4
7f79008b4000-7f7900e67000 r-xp 00000000 08:08 266640                     /usr/lib/x86_64-linux-gnu/libavcodec.so.54.35.0
7f7900e67000-7f7901066000 ---p 005b3000 08:08 266640                     /usr/lib/x86_64-linux-gnu/libavcodec.so.54.35.0
7f7901066000-7f7901079000 r--p 005b2000 08:08 266640                     /usr/lib/x86_64-linux-gnu/libavcodec.so.54.35.0
7f7901079000-7f7901091000 rw-p 005c5000 08:08 266640                     /usr/lib/x86_64-linux-gnu/libavcodec.so.54.35.0
7f7901091000-7f7901607000 rw-p 00000000 00:00 0 
7f7901607000-7f790160c000 r-xp 00000000 08:08 274665                     /usr/lib/x86_64-linux-gnu/libv4l1.so.0.0.0
7f790160c000-7f790180b000 ---p 00005000 08:08 274665                     /usr/lib/x86_64-linux-gnu/libv4l1.so.0.0.0
7f790180b000-7f790180c000 r--p 00004000 08:08 274665                     /usr/lib/x86_64-linux-gnu/libv4l1.so.0.0.0
7f790180c000-7f790180d000 rw-p 00005000 08:08 274665                     /usr/lib/x86_64-linux-gnu/libv4l1.so.0.0.0
7f790180d000-7f790183f000 r-xp 00000000 08:08 260057                     /usr/lib/x86_64-linux-gnu/libdc1394.so.22.1.8
7f790183f000-7f7901a3f000 ---p 00032000 08:08 260057                     /usr/lib/x86_64-linux-gnu/libdc1394.so.22.1.8
7f7901a3f000-7f7901a40000 r--p 00032000 08:08 260057                     /usr/lib/x86_64-linux-gnu/libdc1394.so.22.1.8
7f7901a40000-7f7901a41000 rw-p 00033000 08:08 260057                     /usr/lib/x86_64-linux-gnu/libdc1394.so.22.1.8
7f7901a41000-7f7901a81000 rw-p 00000000 00:00 0 
7f7901a81000-7f7901ade000 r-xp 00000000 08:08 272765                     /usr/lib/libgdkglext-x11-1.0.so.0.0.0
7f7901ade000-7f7901cdd000 ---p 0005d000 08:08 272765                     /usr/lib/libgdkglext-x11-1.0.so.0.0.0
7f7901cdd000-7f7901cdf000 r--p 0005c000 08:08 272765                     /usr/lib/libgdkglext-x11-1.0.so.0.0.0
7f7901cdf000-7f7901ce5000 rw-p 0005e000 08:08 272765                     /usr/lib/libgdkglext-x11-1.0.so.0.0.0
7f7901ce5000-7f7901ce8000 r-xp 00000000 08:08 272764                     /usr/lib/libgtkglext-x11-1.0.so.0.0.0
7f7901ce8000-7f7901ee7000 ---p 00003000 08:08 272764                     /usr/lib/libgtkglext-x11-1.0.so.0.0.0
7f7901ee7000-7f7901ee8000 r--p 00002000 08:08 272764                     /usr/lib/libgtkglext-x11-1.0.so.0.0.0
7f7901ee8000-7f7901ee9000 rw-p 00003000 08:08 272764                     /usr/lib/libgtkglext-x11-1.0.so.0.0.0
7f7901ee9000-7f7901fef000 r-xp 00000000 08:05 153858                     /lib/x86_64-linux-gnu/libglib-2.0.so.0.4000.0
7f7901fef000-7f79021ee000 ---p 00106000 08:05 153858                     /lib/x86_64-linux-gnu/libglib-2.0.so.0.4000.0
7f79021ee000-7f79021ef000 r--p 00105000 08:05 153858                     /lib/x86_64-linux-gnu/libglib-2.0.so.0.4000.0
7f79021ef000-7f79021f0000 rw-p 00106000 08:05 153858                     /lib/x86_64-linux-gnu/libglib-2.0.so.0.4000.0
7f79021f0000-7f79021f1000 rw-p 00000000 00:00 0 
7f79021f1000-7f7902240000 r-xp 00000000 08:08 266283                     /usr/lib/x86_64-linux-gnu/libgobject-2.0.so.0.4000.0
7f7902240000-7f7902440000 ---p 0004f000 08:08 266283                     /usr/lib/x86_64-linux-gnu/libgobject-2.0.so.0.4000.0
7f7902440000-7f7902441000 r--p 0004f000 08:08 266283                     /usr/lib/x86_64-linux-gnu/libgobject-2.0.so.0.4000.0
7f7902441000-7f7902442000 rw-p 00050000 08:08 266283                     /usr/lib/x86_64-linux-gnu/libgobject-2.0.so.0.4000.0
7f7902442000-7f79024ef000 r-xp 00000000 08:08 272265                     /usr/lib/x86_64-linux-gnu/libgdk-x11-2.0.so.0.2400.23
7f79024ef000-7f79026ee000 ---p 000ad000 08:08 272265                     /usr/lib/x86_64-linux-gnu/libgdk-x11-2.0.so.0.2400.23
7f79026ee000-7f79026f2000 r--p 000ac000 08:08 272265                     /usr/lib/x86_64-linux-gnu/libgdk-x11-2.0.so.0.2400.23
7f79026f2000-7f79026f4000 rw-p 000b0000 08:08 272265                     /usr/lib/x86_64-linux-gnu/libgdk-x11-2.0.so.0.2400.23
7f79026f4000-7f7902b23000 r-xp 00000000 08:08 270625                     /usr/lib/x86_64-linux-gnu/libgtk-x11-2.0.so.0.2400.23
7f7902b23000-7f7902d22000 ---p 0042f000 08:08 270625                     /usr/lib/x86_64-linux-gnu/libgtk-x11-2.0.so.0.2400.23
7f7902d22000-7f7902d29000 r--p 0042e000 08:08 270625                     /usr/lib/x86_64-linux-gnu/libgtk-x11-2.0.so.0.2400.23
7f7902d29000-7f7902d2d000 rw-p 00435000 08:08 270625                     /usr/lib/x86_64-linux-gnu/libgtk-x11-2.0.so.0.2400.23
7f7902d2d000-7f7902d30000 rw-p 00000000 00:00 0 
7f7902d30000-7f7902d72000 r-xp 00000000 08:08 269138                     /usr/lib/x86_64-linux-gnu/libHalf.so.6.0.0
7f7902d72000-7f7902f71000 ---p 00042000 08:08 269138                     /usr/lib/x86_64-linux-gnu/libHalf.so.6.0.0
7f7902f71000-7f7902f72000 r--p 00041000 08:08 269138                     /usr/lib/x86_64-linux-gnu/libHalf.so.6.0.0
7f7902f72000-7f7902f73000 rw-p 00042000 08:08 269138                     /usr/lib/x86_64-linux-gnu/libHalf.so.6.0.0
7f7902f73000-7f790301f000 r-xp 00000000 08:08 268773                     /usr/lib/x86_64-linux-gnu/libIlmImf.so.6.0.0
7f790301f000-7f790321e000 ---p 000ac000 08:08 268773                     /usr/lib/x86_64-linux-gnu/libIlmImf.so.6.0.0
7f790321e000-7f7903221000 r--p 000ab000 08:08 268773                     /usr/lib/x86_64-linux-gnu/libIlmImf.so.6.0.0
7f7903221000-7f7903222000 rw-p 000ae000 08:08 268773                     /usr/lib/x86_64-linux-gnu/libIlmImf.so.6.0.0
7f7903222000-7f790326e000 r-xp 00000000 08:08 272832                     /usr/lib/x86_64-linux-gnu/libjasper.so.1.0.0
7f790326e000-7f790346d000 ---p 0004c000 08:08 272832                     /usr/lib/x86_64-linux-gnu/libjasper.so.1.0.0
7f790346d000-7f790346e000 r--p 0004b000 08:08 272832                     /usr/lib/x86_64-linux-gnu/libjasper.so.1.0.0
7f790346e000-7f7903472000 rw-p 0004c000 08:08 272832                     /usr/lib/x86_64-linux-gnu/libjasper.so.1.0.0
7f7903472000-7f7903479000 rw-p 00000000 00:00 0 
7f7903479000-7f79034e7000 r-xp 00000000 08:08 263103                     /usr/lib/x86_64-linux-gnu/libtiff.so.5.2.0
7f79034e7000-7f79036e7000 ---p 0006e000 08:08 263103                     /usr/lib/x86_64-linux-gnu/libtiff.so.5.2.0
7f79036e7000-7f79036e8000 r--p 0006e000 08:08 263103                     /usr/lib/x86_64-linux-gnu/libtiff.so.5.2.0
7f79036e8000-7f79036eb000 rw-p 0006f000 08:08 263103                     /usr/lib/x86_64-linux-gnu/libtiff.so.5.2.0
7f79036eb000-7f7903710000 r-xp 00000000 08:05 137576                     /lib/x86_64-linux-gnu/libpng12.so.0.50.0
7f7903710000-7f790390f000 ---p 00025000 08:05 137576                     /lib/x86_64-linux-gnu/libpng12.so.0.50.0
7f790390f000-7f7903910000 r--p 00024000 08:05 137576                     /lib/x86_64-linux-gnu/libpng12.so.0.50.0
7f7903910000-7f7903911000 rw-p 00025000 08:05 137576                     /lib/x86_64-linux-gnu/libpng12.so.0.50.0
7f7903911000-7f7903954000 r-xp 00000000 08:08 272297                     /usr/lib/x86_64-linux-gnu/libjpeg.so.8.0.2
7f7903954000-7f7903b54000 ---p 00043000 08:08 272297                     /usr/lib/x86_64-linux-gnu/libjpeg.so.8.0.2
7f7903b54000-7f7903b55000 r--p 00043000 08:08 272297                     /usr/lib/x86_64-linux-gnu/libjpeg.so.8.0.2
7f7903b55000-7f7903b56000 rw-p 00044000 08:08 272297                     /usr/lib/x86_64-linux-gnu/libjpeg.so.8.0.2
7f7903b56000-7f7903b66000 rw-p 00000000 00:00 0 
7f7903b66000-7f7903b95000 r-xp 00000000 08:08 273109                     /usr/lib/libtbb.so.2
7f7903b95000-7f7903d94000 ---p 0002f000 08:08 273109                     /usr/lib/libtbb.so.2
7f7903d94000-7f7903d96000 r--p 0002e000 08:08 273109                     /usr/lib/libtbb.so.2
7f7903d96000-7f7903d98000 rw-p 00030000 08:08 273109                     /usr/lib/libtbb.so.2
7f7903d98000-7f7903d9a000 rw-p 00000000 00:00 0 
7f7903d9a000-7f7903dfc000 r-xp 00000000 08:08 1342                       /usr/lib/x86_64-linux-gnu/mesa/libGL.so.1.2.0
7f7903dfc000-7f7903ffb000 ---p 00062000 08:08 1342                       /usr/lib/x86_64-linux-gnu/mesa/libGL.so.1.2.0
7f7903ffb000-7f7903ffe000 r--p 00061000 08:08 1342                       /usr/lib/x86_64-linux-gnu/mesa/libGL.so.1.2.0
7f7903ffe000-7f7903fff000 rw-p 00064000 08:08 1342                       /usr/lib/x86_64-linux-gnu/mesa/libGL.so.1.2.0
7f7903fff000-7f7904000000 rw-p 00000000 00:00 0 
7f7904000000-7f7904021000 rw-p 00000000 00:00 0 
7f7904021000-7f7908000000 ---p 00000000 00:00 0 
7f79080ad000-7f79080c5000 r-xp 00000000 08:05 134218                     /lib/x86_64-linux-gnu/libz.so.1.2.8
7f79080c5000-7f79082c4000 ---p 00018000 08:05 134218                     /lib/x86_64-linux-gnu/libz.so.1.2.8
7f79082c4000-7f79082c5000 r--p 00017000 08:05 134218                     /lib/x86_64-linux-gnu/libz.so.1.2.8
7f79082c5000-7f79082c6000 rw-p 00018000 08:05 134218                     /lib/x86_64-linux-gnu/libz.so.1.2.8
7f79082c6000-7f79082dc000 r-xp 00000000 08:05 142622                     /lib/x86_64-linux-gnu/libgcc_s.so.1
7f79082dc000-7f79084db000 ---p 00016000 08:05 142622                     /lib/x86_64-linux-gnu/libgcc_s.so.1
7f79084db000-7f79084dc000 rw-p 00015000 08:05 142622                     /lib/x86_64-linux-gnu/libgcc_s.so.1
7f79084dc000-7f79085c2000 r-xp 00000000 08:08 264872                     /usr/lib/x86_64-linux-gnu/libstdc++.so.6.0.19
7f79085c2000-7f79087c1000 ---p 000e6000 08:08 264872                     /usr/lib/x86_64-linux-gnu/libstdc++.so.6.0.19
7f79087c1000-7f79087c9000 r--p 000e5000 08:08 264872                     /usr/lib/x86_64-linux-gnu/libstdc++.so.6.0.19
7f79087c9000-7f79087cb000 rw-p 000ed000 08:08 264872                     /usr/lib/x86_64-linux-gnu/libstdc++.so.6.0.19
7f79087cb000-7f79087e0000 rw-p 00000000 00:00 0 
7f79087e0000-7f79087fd000 r-xp 00000000 08:08 260062                     /usr/lib/x86_64-linux-gnu/libopencv_photo.so.2.4.8
7f79087fd000-7f79089fc000 ---p 0001d000 08:08 260062                     /usr/lib/x86_64-linux-gnu/libopencv_photo.so.2.4.8
7f79089fc000-7f79089fd000 r--p 0001c000 08:08 260062                     /usr/lib/x86_64-linux-gnu/libopencv_photo.so.2.4.8
7f79089fd000-7f79089fe000 rw-p 0001d000 08:08 260062                     /usr/lib/x86_64-linux-gnu/libopencv_photo.so.2.4.8
7f79089fe000-7f7908add000 r-xp 00000000 08:08 260054                     /usr/lib/x86_64-linux-gnu/libopencv_contrib.so.2.4.8
7f7908add000-7f7908cdd000 ---p 000df000 08:08 260054                     /usr/lib/x86_64-linux-gnu/libopencv_contrib.so.2.4.8
7f7908cdd000-7f7908ce0000 r--p 000df000 08:08 260054                     /usr/lib/x86_64-linux-gnu/libopencv_contrib.so.2.4.8
7f7908ce0000-7f7908ce1000 rw-p 000e2000 08:08 260054                     /usr/lib/x86_64-linux-gnu/libopencv_contrib.so.2.4.8
7f7908ce1000-7f7908d34000 r-xp 00000000 08:08 260050                     /usr/lib/x86_64-linux-gnu/libopencv_video.so.2.4.8
7f7908d34000-7f7908f33000 ---p 00053000 08:08 260050                     /usr/lib/x86_64-linux-gnu/libopencv_video.so.2.4.8
7f7908f33000-7f7908f34000 r--p 00052000 08:08 260050                     /usr/lib/x86_64-linux-gnu/libopencv_video.so.2.4.8
7f7908f34000-7f7908f35000 rw-p 00053000 08:08 260050                     /usr/lib/x86_64-linux-gnu/libopencv_video.so.2.4.8
7f7908f35000-7f7908fad000 r-xp 00000000 08:08 260056                     /usr/lib/x86_64-linux-gnu/libopencv_objdetect.so.2.4.8
7f7908fad000-7f79091ac000 ---p 00078000 08:08 260056                     /usr/lib/x86_64-linux-gnu/libopencv_objdetect.so.2.4.8
7f79091ac000-7f79091ae000 r--p 00077000 08:08 260056                     /usr/lib/x86_64-linux-gnu/libopencv_objdetect.so.2.4.8
7f79091ae000-7f79091af000 rw-p 00079000 08:08 260056                     /usr/lib/x86_64-linux-gnu/libopencv_objdetect.so.2.4.8
7f79091af000-7f7909224000 r-xp 00000000 08:08 260042                     /usr/lib/x86_64-linux-gnu/libopencv_ml.so.2.4.8
7f7909224000-7f7909423000 ---p 00075000 08:08 260042                     /usr/lib/x86_64-linux-gnu/libopencv_ml.so.2.4.8
7f7909423000-7f7909426000 r--p 00074000 08:08 260042                     /usr/lib/x86_64-linux-gnu/libopencv_ml.so.2.4.8
7f7909426000-7f7909427000 rw-p 00077000 08:08 260042                     /usr/lib/x86_64-linux-gnu/libopencv_ml.so.2.4.8
7f7909427000-7f79094bb000 r-xp 00000000 08:08 260060                     /usr/lib/x86_64-linux-gnu/libopencv_calib3d.so.2.4.8
7f79094bb000-7f79096ba000 ---p 00094000 08:08 260060                     /usr/lib/x86_64-linux-gnu/libopencv_calib3d.so.2.4.8
7f79096ba000-7f79096bc000 r--p 00093000 08:08 260060                     /usr/lib/x86_64-linux-gnu/libopencv_calib3d.so.2.4.8
7f79096bc000-7f79096bd000 rw-p 00095000 08:08 260060                     /usr/lib/x86_64-linux-gnu/libopencv_calib3d.so.2.4.8
7f79096bd000-7f790975a000 r-xp 00000000 08:08 260040                     /usr/lib/x86_64-linux-gnu/libopencv_features2d.so.2.4.8
7f790975a000-7f790995a000 ---p 0009d000 08:08 260040                     /usr/lib/x86_64-linux-gnu/libopencv_features2d.so.2.4.8
7f790995a000-7f790995e000 r--p 0009d000 08:08 260040                     /usr/lib/x86_64-linux-gnu/libopencv_features2d.so.2.4.8
7f790995e000-7f7909960000 rw-p 000a1000 08:08 260040                     /usr/lib/x86_64-linux-gnu/libopencv_features2d.so.2.4.8
7f7909960000-7f79099a7000 r-xp 00000000 08:08 268782                     /usr/lib/x86_64-linux-gnu/libopencv_highgui.so.2.4.8
7f79099a7000-7f7909ba7000 ---p 00047000 08:08 268782                     /usr/lib/x86_64-linux-gnu/libopencv_highgui.so.2.4.8
7f7909ba7000-7f7909baa000 r--p 00047000 08:08 268782                     /usr/lib/x86_64-linux-gnu/libopencv_highgui.so.2.4.8
7f7909baa000-7f7909bab000 rw-p 0004a000 08:08 268782                     /usr/lib/x86_64-linux-gnu/libopencv_highgui.so.2.4.8
7f7909bab000-7f7909d9e000 r-xp 00000000 08:08 260046                     /usr/lib/x86_64-linux-gnu/libopencv_imgproc.so.2.4.8
7f7909d9e000-7f7909f9d000 ---p 001f3000 08:08 260046                     /usr/lib/x86_64-linux-gnu/libopencv_imgproc.so.2.4.8
7f7909f9d000-7f7909fa5000 r--p 001f2000 08:08 260046                     /usr/lib/x86_64-linux-gnu/libopencv_imgproc.so.2.4.8
7f7909fa5000-7f7909fa6000 rw-p 001fa000 08:08 260046                     /usr/lib/x86_64-linux-gnu/libopencv_imgproc.so.2.4.8
7f7909fa6000-7f790a03b000 rw-p 00000000 00:00 0 
7f790a03b000-7f790a266000 r-xp 00000000 08:08 272737                     /usr/lib/x86_64-linux-gnu/libopencv_core.so.2.4.8
7f790a266000-7f790a465000 ---p 0022b000 08:08 272737                     /usr/lib/x86_64-linux-gnu/libopencv_core.so.2.4.8
7f790a465000-7f790a469000 r--p 0022a000 08:08 272737                     /usr/lib/x86_64-linux-gnu/libopencv_core.so.2.4.8
7f790a469000-7f790a470000 rw-p 0022e000 08:08 272737                     /usr/lib/x86_64-linux-gnu/libopencv_core.so.2.4.8
7f790a470000-7f790a472000 rw-p 00000000 00:00 0 
7f790a472000-7f790a50b000 r-xp 00000000 08:08 271927                     /usr/lib/jni/libopencv_java248.so
7f790a50b000-7f790a70b000 ---p 00099000 08:08 271927                     /usr/lib/jni/libopencv_java248.so
7f790a70b000-7f790a70d000 r--p 00099000 08:08 271927                     /usr/lib/jni/libopencv_java248.so
7f790a70d000-7f790a70e000 rw-p 0009b000 08:08 271927                     /usr/lib/jni/libopencv_java248.so
7f790a70e000-7f790a748000 r-xp 00000000 08:08 345607                     /usr/lib/jvm/java-7-oracle/jre/lib/amd64/libjpeg.so
7f790a748000-7f790a948000 ---p 0003a000 08:08 345607                     /usr/lib/jvm/java-7-oracle/jre/lib/amd64/libjpeg.so
7f790a948000-7f790a949000 rw-p 0003a000 08:08 345607                     /usr/lib/jvm/java-7-oracle/jre/lib/amd64/libjpeg.so
7f790a949000-7f790a94e000 r-xp 00000000 08:08 268936                     /usr/lib/x86_64-linux-gnu/libXdmcp.so.6.0.0
7f790a94e000-7f790ab4d000 ---p 00005000 08:08 268936                     /usr/lib/x86_64-linux-gnu/libXdmcp.so.6.0.0
7f790ab4d000-7f790ab4e000 r--p 00004000 08:08 268936                     /usr/lib/x86_64-linux-gnu/libXdmcp.so.6.0.0
7f790ab4e000-7f790ab4f000 rw-p 00005000 08:08 268936                     /usr/lib/x86_64-linux-gnu/libXdmcp.so.6.0.0
7f790ab4f000-7f790ab51000 r-xp 00000000 08:08 268925                     /usr/lib/x86_64-linux-gnu/libXau.so.6.0.0
7f790ab51000-7f790ad51000 ---p 00002000 08:08 268925                     /usr/lib/x86_64-linux-gnu/libXau.so.6.0.0
7f790ad51000-7f790ad52000 r--p 00002000 08:08 268925                     /usr/lib/x86_64-linux-gnu/libXau.so.6.0.0
7f790ad52000-7f790ad53000 rw-p 00003000 08:08 268925                     /usr/lib/x86_64-linux-gnu/libXau.so.6.0.0
7f790ad53000-7f790ad70000 r-xp 00000000 08:08 266529                     /usr/lib/x86_64-linux-gnu/libxcb.so.1.1.0
7f790ad70000-7f790af70000 ---p 0001d000 08:08 266529                     /usr/lib/x86_64-linux-gnu/libxcb.so.1.1.0
7f790af70000-7f790af71000 r--p 0001d000 08:08 266529                     /usr/lib/x86_64-linux-gnu/libxcb.so.1.1.0
7f790af71000-7f790af72000 rw-p 0001e000 08:08 266529                     /usr/lib/x86_64-linux-gnu/libxcb.so.1.1.0
7f790af72000-7f790af81000 r-xp 00000000 08:08 268946                     /usr/lib/x86_64-linux-gnu/libXi.so.6.1.0
7f790af81000-7f790b180000 ---p 0000f000 08:08 268946                     /usr/lib/x86_64-linux-gnu/libXi.so.6.1.0
7f790b180000-7f790b181000 r--p 0000e000 08:08 268946                     /usr/lib/x86_64-linux-gnu/libXi.so.6.1.0
7f790b181000-7f790b182000 rw-p 0000f000 08:08 268946                     /usr/lib/x86_64-linux-gnu/libXi.so.6.1.0
7f790b182000-7f790b187000 r-xp 00000000 08:08 268964                     /usr/lib/x86_64-linux-gnu/libXtst.so.6.1.0
7f790b187000-7f790b386000 ---p 00005000 08:08 268964                     /usr/lib/x86_64-linux-gnu/libXtst.so.6.1.0
7f790b386000-7f790b387000 r--p 00004000 08:08 268964                     /usr/lib/x86_64-linux-gnu/libXtst.so.6.1.0
7f790b387000-7f790b388000 rw-p 00005000 08:08 268964                     /usr/lib/x86_64-linux-gnu/libXtst.so.6.1.0
7f790b388000-7f790b391000 r-xp 00000000 08:08 268958                     /usr/lib/x86_64-linux-gnu/libXrender.so.1.3.0
7f790b391000-7f790b590000 ---p 00009000 08:08 268958                     /usr/lib/x86_64-linux-gnu/libXrender.so.1.3.0
7f790b590000-7f790b591000 r--p 00008000 08:08 268958                     /usr/lib/x86_64-linux-gnu/libXrender.so.1.3.0
7f790b591000-7f790b592000 rw-p 00009000 08:08 268958                     /usr/lib/x86_64-linux-gnu/libXrender.so.1.3.0
7f790b592000-7f790b6c2000 r-xp 00000000 08:08 267924                     /usr/lib/x86_64-linux-gnu/libX11.so.6.3.0
7f790b6c2000-7f790b8c2000 ---p 00130000 08:08 267924                     /usr/lib/x86_64-linux-gnu/libX11.so.6.3.0
7f790b8c2000-7f790b8c3000 r--p 00130000 08:08 267924                     /usr/lib/x86_64-linux-gnu/libX11.so.6.3.0
7f790b8c3000-7f790b8c7000 rw-p 00131000 08:08 267924                     /usr/lib/x86_64-linux-gnu/libX11.so.6.3.0
7f790b8c7000-7f790b8d8000 r-xp 00000000 08:08 268938                     /usr/lib/x86_64-linux-gnu/libXext.so.6.4.0
7f790b8d8000-7f790bad7000 ---p 00011000 08:08 268938                     /usr/lib/x86_64-linux-gnu/libXext.so.6.4.0
7f790bad7000-7f790bad8000 r--p 00010000 08:08 268938                     /usr/lib/x86_64-linux-gnu/libXext.so.6.4.0
7f790bad8000-7f790bad9000 rw-p 00011000 08:08 268938                     /usr/lib/x86_64-linux-gnu/libXext.so.6.4.0
7f790bad9000-7f790bb29000 r-xp 00000000 08:08 345569                     /usr/lib/jvm/java-7-oracle/jre/lib/amd64/xawt/libmawt.so
7f790bb29000-7f790bd29000 ---p 00050000 08:08 345569                     /usr/lib/jvm/java-7-oracle/jre/lib/amd64/xawt/libmawt.so
7f790bd29000-7f790bd2d000 rw-p 00050000 08:08 345569                     /usr/lib/jvm/java-7-oracle/jre/lib/amd64/xawt/libmawt.so
7f790bd2d000-7f790bd2e000 rw-p 00000000 00:00 0 
7f790bd2e000-7f790bdd0000 r-xp 00000000 08:08 345579                     /usr/lib/jvm/java-7-oracle/jre/lib/amd64/libawt.so
7f790bdd0000-7f790bfd0000 ---p 000a2000 08:08 345579                     /usr/lib/jvm/java-7-oracle/jre/lib/amd64/libawt.so
7f790bfd0000-7f790bfdc000 rw-p 000a2000 08:08 345579                     /usr/lib/jvm/java-7-oracle/jre/lib/amd64/libawt.so
7f790bfdc000-7f790c000000 rw-p 00000000 00:00 0 
7f790c000000-7f790c021000 rw-p 00000000 00:00 0 
7f790c021000-7f7910000000 ---p 00000000 00:00 0 
7f7910000000-7f7910021000 rw-p 00000000 00:00 0 
7f7910021000-7f7914000000 ---p 00000000 00:00 0 
7f7914000000-7f79142b8000 rw-p 00000000 00:00 0 
7f79142b8000-7f7918000000 ---p 00000000 00:00 0 
7f7918000000-7f791839b000 rw-p 00000000 00:00 0 
7f791839b000-7f791c000000 ---p 00000000 00:00 0 
7f791c000000-7f791c021000 rw-p 00000000 00:00 0 
7f791c021000-7f7920000000 ---p 00000000 00:00 0 
7f7920000000-7f7920021000 rw-p 00000000 00:00 0 
7f7920021000-7f7924000000 ---p 00000000 00:00 0 
7f7924000000-7f7924021000 rw-p 00000000 00:00 0 
7f7924021000-7f7928000000 ---p 00000000 00:00 0 
7f7928000000-7f7928038000 rw-p 00000000 00:00 0 
7f7928038000-7f792c000000 ---p 00000000 00:00 0 
7f792c000000-7f792c021000 rw-p 00000000 00:00 0 
7f792c021000-7f7930000000 ---p 00000000 00:00 0 
7f7930000000-7f7930021000 rw-p 00000000 00:00 0 
7f7930021000-7f7934000000 ---p 00000000 00:00 0 
7f7934000000-7f7934021000 rw-p 00000000 00:00 0 
7f7934021000-7f7938000000 ---p 00000000 00:00 0 
7f7938000000-7f7938021000 rw-p 00000000 00:00 0 
7f7938021000-7f793c000000 ---p 00000000 00:00 0 
7f793c000000-7f793c021000 rw-p 00000000 00:00 0 
7f793c021000-7f7940000000 ---p 00000000 00:00 0 
7f7940062000-7f7940069000 r--s 00000000 08:08 428637                     /usr/lib/x86_64-linux-gnu/gconv/gconv-modules.cache
7f79400e5000-7f79400e6000 rw-p 00000000 00:00 0 
7f79400e6000-7f79400e9000 ---p 00000000 00:00 0 
7f79400e9000-7f79401e7000 rw-p 00000000 00:00 0                          [stack:12785]
7f79401e7000-7f79401e9000 r--s 00010000 08:07 7742254                    /home/chenty/.m2/repository/org/apache/struts/struts2-json-plugin/2.3.16.2/struts2-json-plugin-2.3.16.2.jar
7f79401e9000-7f79401ef000 r--s 00048000 08:07 7742805                    /home/chenty/.m2/repository/org/apache/commons/commons-lang3/3.1/commons-lang3-3.1.jar
7f79401ef000-7f79401f1000 r--s 00004000 08:07 7742806                    /home/chenty/.m2/repository/org/apache/struts/struts2-spring-plugin/2.3.16.2/struts2-spring-plugin-2.3.16.2.jar
7f79401f1000-7f79401f5000 r--s 00027000 08:07 7474014                    /home/chenty/.m2/repository/commons-io/commons-io/2.2/commons-io-2.2.jar
7f79401f5000-7f79401f7000 r--s 0000f000 08:07 7474010                    /home/chenty/.m2/repository/commons-fileupload/commons-fileupload/1.3.1/commons-fileupload-1.3.1.jar
7f79401f7000-7f79401fa000 r--s 00035000 08:07 7474007                    /home/chenty/.m2/repository/ognl/ognl/3.0.6/ognl-3.0.6.jar
7f79401fa000-7f794020b000 r--s 000d3000 08:07 7866380                    /home/chenty/.m2/repository/org/freemarker/freemarker/2.3.19/freemarker-2.3.19.jar
7f794020b000-7f794020d000 r--s 00004000 08:07 7474004                    /home/chenty/.m2/repository/asm/asm-tree/3.3/asm-tree-3.3.jar
7f794020d000-7f794020f000 r--s 00008000 08:07 7474001                    /home/chenty/.m2/repository/asm/asm-commons/3.3/asm-commons-3.3.jar
7f794020f000-7f794021d000 r--s 00092000 08:07 7742803                    /home/chenty/.m2/repository/org/apache/struts/xwork/xwork-core/2.3.16.2/xwork-core-2.3.16.2.jar
7f794021d000-7f794022d000 r--s 000b4000 08:07 7742804                    /home/chenty/.m2/repository/org/apache/struts/struts2-core/2.3.16.2/struts2-core-2.3.16.2.jar
7f794022d000-7f7940233000 r--s 000ab000 08:07 7473889                    /home/chenty/.m2/repository/mysql/mysql-connector-java/5.1.9/mysql-connector-java-5.1.9.jar
7f7940233000-7f7940236000 r--s 00015000 08:07 7474029                    /home/chenty/.m2/repository/commons-pool/commons-pool/1.5.4/commons-pool-1.5.4.jar
7f7940236000-7f7940239000 r--s 00025000 08:07 7474026                    /home/chenty/.m2/repository/commons-dbcp/commons-dbcp/1.4/commons-dbcp-1.4.jar
7f7940239000-7f7940242000 r--s 00058000 08:07 7474023                    /home/chenty/.m2/repository/taglibs/standard/1.1.2/standard-1.1.2.jar
7f7940242000-7f794024c000 r--s 0005c000 08:07 7474020                    /home/chenty/.m2/repository/javax/servlet/jstl/1.2/jstl-1.2.jar
7f794024c000-7f7940255000 r--s 00095000 08:07 7473988                    /home/chenty/.m2/repository/javassist/javassist/3.12.1.GA/javassist-3.12.1.GA.jar
7f7940255000-7f7940257000 r--s 00005000 08:07 7866094                    /home/chenty/.m2/repository/org/slf4j/slf4j-api/1.6.1/slf4j-api-1.6.1.jar
7f7940257000-7f794025c000 r--s 00014000 08:07 7866355                    /home/chenty/.m2/repository/org/hibernate/javax/persistence/hibernate-jpa-2.0-api/1.0.0.Final/hibernate-jpa-2.0-api-1.0.0.Final.jar
7f794025c000-7f794025f000 r--s 0000f000 08:07 7866088                    /home/chenty/.m2/repository/org/hibernate/hibernate-commons-annotations/3.2.0.Final/hibernate-commons-annotations-3.2.0.Final.jar
7f794025f000-7f794026c000 r--s 0007c000 08:07 7473901                    /home/chenty/.m2/repository/commons-collections/commons-collections/3.1/commons-collections-3.1.jar
7f794026c000-7f7940272000 r--s 00067000 08:07 7473898                    /home/chenty/.m2/repository/antlr/antlr/2.7.6/antlr-2.7.6.jar
7f7940272000-7f794027a000 r--s 00052000 08:07 7866419                    /home/chenty/.m2/repository/org/springframework/spring-orm/4.0.3.RELEASE/spring-orm-4.0.3.RELEASE.jar
7f794027a000-7f7940284000 r--s 0005e000 08:07 7866416                    /home/chenty/.m2/repository/org/springframework/spring-jdbc/4.0.3.RELEASE/spring-jdbc-4.0.3.RELEASE.jar
7f7940284000-7f7940289000 r--s 00048000 08:07 7473907                    /home/chenty/.m2/repository/dom4j/dom4j/1.6.1/dom4j-1.6.1.jar
7f7940289000-7f79402bb000 r--s 002c6000 08:07 7866352                    /home/chenty/.m2/repository/org/hibernate/hibernate-core/3.6.3.Final/hibernate-core-3.6.3.Final.jar
7f79402bb000-7f79402c2000 r--s 00059000 08:07 7866100                    /home/chenty/.m2/repository/log4j/log4j/1.2.15/log4j-1.2.15.jar
7f79402c2000-7f7940325000 r--s 007eb000 08:07 7866407                    /home/chenty/.m2/repository/org/aspectj/aspectjtools/1.6.2/aspectjtools-1.6.2.jar
7f7940325000-7f794033c000 r--s 000d8000 08:07 7866401                    /home/chenty/.m2/repository/org/springframework/spring-context/4.0.3.RELEASE/spring-context-4.0.3.RELEASE.jar
7f794033c000-7f7940350000 r--s 000da000 08:07 7866386                    /home/chenty/.m2/repository/org/springframework/spring-core/4.0.3.RELEASE/spring-core-4.0.3.RELEASE.jar
7f7940350000-7f7940351000 ---p 00000000 00:00 0 
7f7940351000-7f7940451000 rw-p 00000000 00:00 0 
7f7940451000-7f7940454000 ---p 00000000 00:00 0 
7f7940454000-7f7940552000 rw-p 00000000 00:00 0                          [stack:12783]
7f7940552000-7f7940555000 ---p 00000000 00:00 0 
7f7940555000-7f7940653000 rw-p 00000000 00:00 0                          [stack:12782]
7f7940653000-7f7940656000 ---p 00000000 00:00 0 
7f7940656000-7f7940754000 rw-p 00000000 00:00 0                          [stack:12781]
7f7940754000-7f7940757000 ---p 00000000 00:00 0 
7f7940757000-7f7940855000 rw-p 00000000 00:00 0                          [stack:13292]
7f7940855000-7f7940858000 ---p 00000000 00:00 0 
7f7940858000-7f7940956000 rw-p 00000000 00:00 0                          [stack:12775]
7f7940956000-7f7940959000 ---p 00000000 00:00 0 
7f7940959000-7f7940a57000 rw-p 00000000 00:00 0                          [stack:12773]
7f7940a57000-7f7940a5b000 r-xp 00000000 08:08 345552                     /usr/lib/jvm/java-7-oracle/jre/lib/amd64/libdt_socket.so
7f7940a5b000-7f7940c5a000 ---p 00004000 08:08 345552                     /usr/lib/jvm/java-7-oracle/jre/lib/amd64/libdt_socket.so
7f7940c5a000-7f7940c5b000 rw-p 00003000 08:08 345552                     /usr/lib/jvm/java-7-oracle/jre/lib/amd64/libdt_socket.so
7f7940c5b000-7f7940c5e000 ---p 00000000 00:00 0 
7f7940c5e000-7f7940d5c000 rw-p 00000000 00:00 0 
7f7940d5c000-7f7940d5f000 ---p 00000000 00:00 0 
7f7940d5f000-7f7940e5d000 rw-p 00000000 00:00 0                          [stack:12770]
7f7940e5d000-7f7940e60000 ---p 00000000 00:00 0 
7f7940e60000-7f7940f5e000 rw-p 00000000 00:00 0                          [stack:12769]
7f7940f5e000-7f7940f5f000 ---p 00000000 00:00 0 
7f7940f5f000-7f7945000000 rw-p 00000000 00:00 0                          [stack:12768]
7f7945000000-7f7945270000 rwxp 00000000 00:00 0 
7f7945270000-7f794846d000 rw-p 00000000 00:00 0 
7f794846d000-7f794c000000 ---p 00000000 00:00 0 
7f794c000000-7f794c001000 r--s 0000a000 08:07 7473895                    /home/chenty/.m2/repository/asm/asm/3.3/asm-3.3.jar
7f794c001000-7f794c002000 r--s 00003000 08:07 7473910                    /home/chenty/.m2/repository/javax/transaction/jta/1.1/jta-1.1.jar
7f794c002000-7f794c009000 r--s 00036000 08:07 7866413                    /home/chenty/.m2/repository/org/springframework/spring-tx/4.0.3.RELEASE/spring-tx-4.0.3.RELEASE.jar
7f794c009000-7f794c010000 r--s 0003f000 08:07 7474017                    /home/chenty/.m2/repository/cglib/cglib/3.1/cglib-3.1.jar
7f794c010000-7f794c012000 r--s 0000e000 08:07 7865943                    /home/chenty/.m2/repository/commons-logging/commons-logging/1.1.3/commons-logging-1.1.3.jar
7f794c012000-7f794c013000 r--s 0000b000 08:07 7866410                    /home/chenty/.m2/repository/org/ow2/asm/asm/4.2/asm-4.2.jar
7f794c013000-7f794c015000 r--s 00000000 08:07 7865454                    /home/chenty/.m2/repository/aopalliance/aopalliance/1.0/aopalliance-1.0.jar
7f794c015000-7f794c01e000 r--s 0004e000 08:07 7866404                    /home/chenty/.m2/repository/org/springframework/spring-aop/4.0.3.RELEASE/spring-aop-4.0.3.RELEASE.jar
7f794c01e000-7f794c02a000 r--s 00098000 08:07 7866398                    /home/chenty/.m2/repository/org/springframework/spring-beans/4.0.3.RELEASE/spring-beans-4.0.3.RELEASE.jar
7f794c02a000-7f794c02e000 r--s 0002e000 08:07 7866395                    /home/chenty/.m2/repository/org/springframework/spring-expression/4.0.3.RELEASE/spring-expression-4.0.3.RELEASE.jar
7f794c02e000-7f794c03a000 r--s 00096000 08:07 7866392                    /home/chenty/.m2/repository/org/springframework/spring-webmvc/4.0.3.RELEASE/spring-webmvc-4.0.3.RELEASE.jar
7f794c03a000-7f794c049000 r--s 00095000 08:07 7866389                    /home/chenty/.m2/repository/org/springframework/spring-web/4.0.3.RELEASE/spring-web-4.0.3.RELEASE.jar
7f794c049000-7f794c04b000 r--s 00009000 08:07 7865639                    /home/chenty/.m2/repository/org/hamcrest/hamcrest-core/1.3/hamcrest-core-1.3.jar
7f794c04b000-7f794c051000 r--s 00036000 08:07 7865640                    /home/chenty/.m2/repository/junit/junit/4.11/junit-4.11.jar
7f794c051000-7f794c055000 r--s 00069000 08:08 200325                     /usr/share/OpenCV/java/opencv-248.jar
7f794c055000-7f794c059000 r--s 0002d000 08:08 129912                     /usr/share/java/servlet-api-3.0.jar
7f794c059000-7f794c05c000 r--s 00011000 08:08 141008                     /usr/share/java/tomcat-i18n-es-7.0.52.jar
7f794c05c000-7f794c05e000 r--s 0001f000 08:08 141089                     /usr/share/java/tomcat-catalina-ha-7.0.52.jar
7f794c05e000-7f794c061000 r--s 00013000 08:08 129913                     /usr/share/java/jsp-api-2.2.jar
7f794c061000-7f794c063000 r--s 0000b000 08:08 141187                     /usr/share/java/tomcat-i18n-ja-7.0.52.jar
7f794c063000-7f794c066000 r--s 00013000 08:08 129913                     /usr/share/java/jsp-api-2.2.jar
7f794c066000-7f794c06a000 r--s 0002d000 08:08 129912                     /usr/share/java/servlet-api-3.0.jar
7f794c06a000-7f794c06c000 r--s 0000a000 08:08 135632                     /usr/share/java/el-api-2.2.jar
7f794c06c000-7f794c079000 r--s 0014c000 08:08 139388                     /usr/share/java/eclipse-ecj-3.8.2.jar
7f794c079000-7f794c081000 r--s 0008c000 08:08 141092                     /usr/share/java/tomcat-jasper-7.0.52.jar
7f794c081000-7f794c083000 r--s 0001d000 08:08 141244                     /usr/share/java/tomcat-jdbc-7.0.52.jar
7f794c083000-7f794c096000 r--s 00173000 08:08 141223                     /usr/share/java/tomcat-catalina-7.0.52.jar
7f794c096000-7f794c94c000 rw-p 00000000 00:00 0 
7f794c94c000-7f794cb0b000 r--s 039e5000 08:08 345725                     /usr/lib/jvm/java-7-oracle/jre/lib/rt.jar
7f794cb0b000-7f794d016000 rw-p 00000000 00:00 0 
7f794d016000-7f794d017000 ---p 00000000 00:00 0 
7f794d017000-7f794d117000 rw-p 00000000 00:00 0                          [stack:12766]
7f794d117000-7f794d118000 ---p 00000000 00:00 0 
7f794d118000-7f794d223000 rw-p 00000000 00:00 0                          [stack:12765]
7f794d223000-7f794d241000 rw-p 00000000 00:00 0 
7f794d241000-7f794d269000 rw-p 00000000 00:00 0 
7f794d269000-7f794d4c2000 rw-p 00000000 00:00 0 
7f794d4c2000-7f794d4cd000 rw-p 00000000 00:00 0 
7f794d4cd000-7f794d4eb000 rw-p 00000000 00:00 0 
7f794d4eb000-7f794d513000 rw-p 00000000 00:00 0 
7f794d513000-7f794d76b000 rw-p 00000000 00:00 0 
7f794d76b000-7f794d780000 rw-p 00000000 00:00 0 
7f794d780000-7f794d8ac000 rw-p 00000000 00:00 0 
7f794d8ac000-7f794d8ad000 rw-p 00000000 00:00 0 
7f794d8ad000-7f794d8c7000 r-xp 00000000 08:08 345564                     /usr/lib/jvm/java-7-oracle/jre/lib/amd64/libzip.so
7f794d8c7000-7f794dac7000 ---p 0001a000 08:08 345564                     /usr/lib/jvm/java-7-oracle/jre/lib/amd64/libzip.so
7f794dac7000-7f794dac8000 rw-p 0001a000 08:08 345564                     /usr/lib/jvm/java-7-oracle/jre/lib/amd64/libzip.so
7f794dac8000-7f794dad3000 r-xp 00000000 08:05 141929                     /lib/x86_64-linux-gnu/libnss_files-2.19.so
7f794dad3000-7f794dcd2000 ---p 0000b000 08:05 141929                     /lib/x86_64-linux-gnu/libnss_files-2.19.so
7f794dcd2000-7f794dcd3000 r--p 0000a000 08:05 141929                     /lib/x86_64-linux-gnu/libnss_files-2.19.so
7f794dcd3000-7f794dcd4000 rw-p 0000b000 08:05 141929                     /lib/x86_64-linux-gnu/libnss_files-2.19.so
7f794dcd4000-7f794dcdf000 r-xp 00000000 08:05 141949                     /lib/x86_64-linux-gnu/libnss_nis-2.19.so
7f794dcdf000-7f794dede000 ---p 0000b000 08:05 141949                     /lib/x86_64-linux-gnu/libnss_nis-2.19.so
7f794dede000-7f794dedf000 r--p 0000a000 08:05 141949                     /lib/x86_64-linux-gnu/libnss_nis-2.19.so
7f794dedf000-7f794dee0000 rw-p 0000b000 08:05 141949                     /lib/x86_64-linux-gnu/libnss_nis-2.19.so
7f794dee0000-7f794def7000 r-xp 00000000 08:05 141798                     /lib/x86_64-linux-gnu/libnsl-2.19.so
7f794def7000-7f794e0f6000 ---p 00017000 08:05 141798                     /lib/x86_64-linux-gnu/libnsl-2.19.so
7f794e0f6000-7f794e0f7000 r--p 00016000 08:05 141798                     /lib/x86_64-linux-gnu/libnsl-2.19.so
7f794e0f7000-7f794e0f8000 rw-p 00017000 08:05 141798                     /lib/x86_64-linux-gnu/libnsl-2.19.so
7f794e0f8000-7f794e0fa000 rw-p 00000000 00:00 0 
7f794e0fa000-7f794e103000 r-xp 00000000 08:05 140042                     /lib/x86_64-linux-gnu/libnss_compat-2.19.so
7f794e103000-7f794e302000 ---p 00009000 08:05 140042                     /lib/x86_64-linux-gnu/libnss_compat-2.19.so
7f794e302000-7f794e303000 r--p 00008000 08:05 140042                     /lib/x86_64-linux-gnu/libnss_compat-2.19.so
7f794e303000-7f794e304000 rw-p 00009000 08:05 140042                     /lib/x86_64-linux-gnu/libnss_compat-2.19.so
7f794e304000-7f794ed30000 r--p 00000000 08:08 265389                     /usr/lib/locale/locale-archive
7f794ed30000-7f794ed33000 r-xp 00000000 08:08 345587                     /usr/lib/jvm/java-7-oracle/jre/lib/amd64/libnpt.so
7f794ed33000-7f794ef32000 ---p 00003000 08:08 345587                     /usr/lib/jvm/java-7-oracle/jre/lib/amd64/libnpt.so
7f794ef32000-7f794ef33000 rw-p 00002000 08:08 345587                     /usr/lib/jvm/java-7-oracle/jre/lib/amd64/libnpt.so
7f794ef33000-7f794ef6c000 r-xp 00000000 08:08 345561                     /usr/lib/jvm/java-7-oracle/jre/lib/amd64/libjdwp.so
7f794ef6c000-7f794f16c000 ---p 00039000 08:08 345561                     /usr/lib/jvm/java-7-oracle/jre/lib/amd64/libjdwp.so
7f794f16c000-7f794f16d000 rw-p 00039000 08:08 345561                     /usr/lib/jvm/java-7-oracle/jre/lib/amd64/libjdwp.so
7f794f16d000-7f794f16e000 rw-p 00000000 00:00 0 
7f794f16e000-7f794f197000 r-xp 00000000 08:08 345575                     /usr/lib/jvm/java-7-oracle/jre/lib/amd64/libjava.so
7f794f197000-7f794f397000 ---p 00029000 08:08 345575                     /usr/lib/jvm/java-7-oracle/jre/lib/amd64/libjava.so
7f794f397000-7f794f399000 rw-p 00029000 08:08 345575                     /usr/lib/jvm/java-7-oracle/jre/lib/amd64/libjava.so
7f794f399000-7f794f3a6000 r-xp 00000000 08:08 345553                     /usr/lib/jvm/java-7-oracle/jre/lib/amd64/libverify.so
7f794f3a6000-7f794f5a5000 ---p 0000d000 08:08 345553                     /usr/lib/jvm/java-7-oracle/jre/lib/amd64/libverify.so
7f794f5a5000-7f794f5a7000 rw-p 0000c000 08:08 345553                     /usr/lib/jvm/java-7-oracle/jre/lib/amd64/libverify.so
7f794f5a7000-7f794f5ae000 r-xp 00000000 08:05 141825                     /lib/x86_64-linux-gnu/librt-2.19.so
7f794f5ae000-7f794f7ad000 ---p 00007000 08:05 141825                     /lib/x86_64-linux-gnu/librt-2.19.so
7f794f7ad000-7f794f7ae000 r--p 00006000 08:05 141825                     /lib/x86_64-linux-gnu/librt-2.19.so
7f794f7ae000-7f794f7af000 rw-p 00007000 08:05 141825                     /lib/x86_64-linux-gnu/librt-2.19.so
7f794f7af000-7f794f8b4000 r-xp 00000000 08:05 141860                     /lib/x86_64-linux-gnu/libm-2.19.so
7f794f8b4000-7f794fab3000 ---p 00105000 08:05 141860                     /lib/x86_64-linux-gnu/libm-2.19.so
7f794fab3000-7f794fab4000 r--p 00104000 08:05 141860                     /lib/x86_64-linux-gnu/libm-2.19.so
7f794fab4000-7f794fab5000 rw-p 00105000 08:05 141860                     /lib/x86_64-linux-gnu/libm-2.19.so
7f794fab5000-7f7950625000 r-xp 00000000 08:08 345608                     /usr/lib/jvm/java-7-oracle/jre/lib/amd64/server/libjvm.so
7f7950625000-7f7950824000 ---p 00b70000 08:08 345608                     /usr/lib/jvm/java-7-oracle/jre/lib/amd64/server/libjvm.so
7f7950824000-7f79508e9000 rw-p 00b6f000 08:08 345608                     /usr/lib/jvm/java-7-oracle/jre/lib/amd64/server/libjvm.so
7f79508e9000-7f7950929000 rw-p 00000000 00:00 0 
7f7950929000-7f7950ae4000 r-xp 00000000 08:05 141852                     /lib/x86_64-linux-gnu/libc-2.19.so
7f7950ae4000-7f7950ce4000 ---p 001bb000 08:05 141852                     /lib/x86_64-linux-gnu/libc-2.19.so
7f7950ce4000-7f7950ce8000 r--p 001bb000 08:05 141852                     /lib/x86_64-linux-gnu/libc-2.19.so
7f7950ce8000-7f7950cea000 rw-p 001bf000 08:05 141852                     /lib/x86_64-linux-gnu/libc-2.19.so
7f7950cea000-7f7950cef000 rw-p 00000000 00:00 0 
7f7950cef000-7f7950cf2000 r-xp 00000000 08:05 142046                     /lib/x86_64-linux-gnu/libdl-2.19.so
7f7950cf2000-7f7950ef1000 ---p 00003000 08:05 142046                     /lib/x86_64-linux-gnu/libdl-2.19.so
7f7950ef1000-7f7950ef2000 r--p 00002000 08:05 142046                     /lib/x86_64-linux-gnu/libdl-2.19.so
7f7950ef2000-7f7950ef3000 rw-p 00003000 08:05 142046                     /lib/x86_64-linux-gnu/libdl-2.19.so
7f7950ef3000-7f7950f09000 r-xp 00000000 08:08 313421                     /usr/lib/jvm/java-7-oracle/lib/amd64/jli/libjli.so
7f7950f09000-7f7951109000 ---p 00016000 08:08 313421                     /usr/lib/jvm/java-7-oracle/lib/amd64/jli/libjli.so
7f7951109000-7f795110a000 rw-p 00016000 08:08 313421                     /usr/lib/jvm/java-7-oracle/lib/amd64/jli/libjli.so
7f795110a000-7f7951123000 r-xp 00000000 08:05 142063                     /lib/x86_64-linux-gnu/libpthread-2.19.so
7f7951123000-7f7951322000 ---p 00019000 08:05 142063                     /lib/x86_64-linux-gnu/libpthread-2.19.so
7f7951322000-7f7951323000 r--p 00018000 08:05 142063                     /lib/x86_64-linux-gnu/libpthread-2.19.so
7f7951323000-7f7951324000 rw-p 00019000 08:05 142063                     /lib/x86_64-linux-gnu/libpthread-2.19.so
7f7951324000-7f7951328000 rw-p 00000000 00:00 0 
7f7951328000-7f795134b000 r-xp 00000000 08:05 141855                     /lib/x86_64-linux-gnu/ld-2.19.so
7f795134b000-7f795134d000 r--s 0000c000 08:08 141090                     /usr/share/java/catalina-ant-7.0.52.jar
7f795134d000-7f795135a000 r--s 000bf000 08:08 141222                     /usr/share/java/tomcat-coyote-7.0.52.jar
7f795135a000-7f7951364000 rw-p 00000000 00:00 0 
7f7951364000-7f795141a000 rw-p 00000000 00:00 0 
7f795141a000-7f795141d000 ---p 00000000 00:00 0 
7f795141d000-7f795151f000 rw-p 00000000 00:00 0                          [stack:12761]
7f795151f000-7f7951522000 r--s 0001c000 08:08 141245                     /usr/share/java/tomcat-jasper-el-7.0.52.jar
7f7951522000-7f7951523000 r--s 00007000 08:08 141007                     /usr/share/java/tomcat-util-7.0.52.jar
7f7951523000-7f7951525000 r--s 00023000 08:08 139337                     /usr/share/java/commons-dbcp-1.4.jar
7f7951525000-7f7951528000 r--s 00018000 08:08 137764                     /usr/share/java/commons-pool-1.6.jar
7f7951528000-7f795152a000 r--s 0000a000 08:08 135632                     /usr/share/java/el-api-2.2.jar
7f795152a000-7f795152e000 r--s 0003b000 08:08 141088                     /usr/share/java/catalina-tribes-7.0.52.jar
7f795152e000-7f7951530000 r--s 00003000 08:08 141246                     /usr/share/java/tomcat-annotations-api-7.0.52.jar
7f7951530000-7f7951531000 r--s 00001000 08:08 141243                     /usr/share/java/tomcat-api-7.0.52.jar
7f7951531000-7f7951533000 r--s 0000a000 08:08 141091                     /usr/share/java/tomcat-i18n-fr-7.0.52.jar
7f7951533000-7f795153e000 r--s 0037c000 08:08 345745                     /usr/lib/jvm/java-7-oracle/jre/lib/charsets.jar
7f795153e000-7f7951546000 rw-s 00000000 08:05 3748                       /tmp/hsperfdata_chenty/12759 (deleted)
7f7951546000-7f7951547000 rw-p 00000000 00:00 0 
7f7951547000-7f7951548000 ---p 00000000 00:00 0 
7f7951548000-7f795154a000 rw-p 00000000 00:00 0 
7f795154a000-7f795154b000 r--p 00022000 08:05 141855                     /lib/x86_64-linux-gnu/ld-2.19.so
7f795154b000-7f795154c000 rw-p 00023000 08:05 141855                     /lib/x86_64-linux-gnu/ld-2.19.so
7f795154c000-7f795154d000 rw-p 00000000 00:00 0 
7fff77898000-7fff778ba000 rw-p 00000000 00:00 0                          [stack]
7fff779fe000-7fff77a00000 r-xp 00000000 00:00 0                          [vdso]
ffffffffff600000-ffffffffff601000 r-xp 00000000 00:00 0                  [vsyscall]

VM Arguments:
jvm_args: -agentlib:jdwp=transport=dt_socket,suspend=y,address=localhost:39911 -Djava.library.path=/usr/lib/jni -Dfile.encoding=UTF-8 
java_command: TestProcessing
Launcher Type: SUN_STANDARD

Environment Variables:
PATH=/usr/local/heroku/bin:/home/chenty/Qt5.0.2/5.0.2/gcc_64//bin:/usr/local/sbin:/usr/local/bin:/usr/sbin:/usr/bin:/sbin:/bin:/usr/games:/usr/local/games:/home/chenty/android-ndk:/usr/share/javadb/bin/
USERNAME=chenty
LD_LIBRARY_PATH=/usr/lib/firefox/
SHELL=/bin/bash
DISPLAY=:0
